22:09:32 **** Incremental Build of configuration Debug for project Avionic_Test_v1.0 ****
make -j8 all 
arm-none-eabi-gcc -o "Avionic_Test_v1.0.elf" @"objects.list"   -mcpu=cortex-m3 -T"C:\Users\bakialmaci\Desktop\Projects\Arm-Cortex\Avionic_Test_v1.0\STM32F103C8TX_FLASH.ld" --specs=nosys.specs -Wl,-Map="Avionic_Test_v1.0.map" -Wl,--gc-sections -static --specs=nano.specs -mfloat-abi=soft -mthumb -u _scanf_float -Wl,--start-group -lc -lm -Wl,--end-group
c:\st\stm32cubeide_1.6.1\stm32cubeide\plugins\com.st.stm32cube.ide.mcu.externaltools.gnu-tools-for-stm32.9-2020-q2-update.win32_1.5.0.202011040924\tools\arm-none-eabi\bin\ld.exe: Core/Src/main.o:C:/Users/bakialmaci/Desktop/Projects/Arm-Cortex/Avionic_Test_v1.0/Debug/../Core/Src/BMP.h:10: multiple definition of `AC1'; Core/Src/BMP.o:C:/Users/bakialmaci/Desktop/Projects/Arm-Cortex/Avionic_Test_v1.0/Debug/../Core/Src/BMP.h:10: first defined here
c:\st\stm32cubeide_1.6.1\stm32cubeide\plugins\com.st.stm32cube.ide.mcu.externaltools.gnu-tools-for-stm32.9-2020-q2-update.win32_1.5.0.202011040924\tools\arm-none-eabi\bin\ld.exe: Core/Src/main.o:C:/Users/bakialmaci/Desktop/Projects/Arm-Cortex/Avionic_Test_v1.0/Debug/../Core/Src/BMP.h:11: multiple definition of `AC2'; Core/Src/BMP.o:C:/Users/bakialmaci/Desktop/Projects/Arm-Cortex/Avionic_Test_v1.0/Debug/../Core/Src/BMP.h:11: first defined here
c:\st\stm32cubeide_1.6.1\stm32cubeide\plugins\com.st.stm32cube.ide.mcu.externaltools.gnu-tools-for-stm32.9-2020-q2-update.win32_1.5.0.202011040924\tools\arm-none-eabi\bin\ld.exe: Core/Src/main.o:C:/Users/bakialmaci/Desktop/Projects/Arm-Cortex/Avionic_Test_v1.0/Debug/../Core/Src/BMP.h:12: multiple definition of `AC3'; Core/Src/BMP.o:C:/Users/bakialmaci/Desktop/Projects/Arm-Cortex/Avionic_Test_v1.0/Debug/../Core/Src/BMP.h:12: first defined here
c:\st\stm32cubeide_1.6.1\stm32cubeide\plugins\com.st.stm32cube.ide.mcu.externaltools.gnu-tools-for-stm32.9-2020-q2-update.win32_1.5.0.202011040924\tools\arm-none-eabi\bin\ld.exe: Core/Src/main.o:C:/Users/bakialmaci/Desktop/Projects/Arm-Cortex/Avionic_Test_v1.0/Debug/../Core/Src/BMP.h:13: multiple definition of `AC4'; Core/Src/BMP.o:C:/Users/bakialmaci/Desktop/Projects/Arm-Cortex/Avionic_Test_v1.0/Debug/../Core/Src/BMP.h:13: first defined here
c:\st\stm32cubeide_1.6.1\stm32cubeide\plugins\com.st.stm32cube.ide.mcu.externaltools.gnu-tools-for-stm32.9-2020-q2-update.win32_1.5.0.202011040924\tools\arm-none-eabi\bin\ld.exe: Core/Src/main.o:C:/Users/bakialmaci/Desktop/Projects/Arm-Cortex/Avionic_Test_v1.0/Debug/../Core/Src/BMP.h:14: multiple definition of `AC5'; Core/Src/BMP.o:C:/Users/bakialmaci/Desktop/Projects/Arm-Cortex/Avionic_Test_v1.0/Debug/../Core/Src/BMP.h:14: first defined here
c:\st\stm32cubeide_1.6.1\stm32cubeide\plugins\com.st.stm32cube.ide.mcu.externaltools.gnu-tools-for-stm32.9-2020-q2-update.win32_1.5.0.202011040924\tools\arm-none-eabi\bin\ld.exe: Core/Src/main.o:C:/Users/bakialmaci/Desktop/Projects/Arm-Cortex/Avionic_Test_v1.0/Debug/../Core/Src/BMP.h:15: multiple definition of `AC6'; Core/Src/BMP.o:C:/Users/bakialmaci/Desktop/Projects/Arm-Cortex/Avionic_Test_v1.0/Debug/../Core/Src/BMP.h:15: first defined here
c:\st\stm32cubeide_1.6.1\stm32cubeide\plugins\com.st.stm32cube.ide.mcu.externaltools.gnu-tools-for-stm32.9-2020-q2-update.win32_1.5.0.202011040924\tools\arm-none-eabi\bin\ld.exe: Core/Src/main.o:C:/Users/bakialmaci/Desktop/Projects/Arm-Cortex/Avionic_Test_v1.0/Debug/../Core/Src/BMP.h:16: multiple definition of `B1'; Core/Src/BMP.o:C:/Users/bakialmaci/Desktop/Projects/Arm-Cortex/Avionic_Test_v1.0/Debug/../Core/Src/BMP.h:16: first defined here
c:\st\stm32cubeide_1.6.1\stm32cubeide\plugins\com.st.stm32cube.ide.mcu.externaltools.gnu-tools-for-stm32.9-2020-q2-update.win32_1.5.0.202011040924\tools\arm-none-eabi\bin\ld.exe: Core/Src/main.o:C:/Users/bakialmaci/Desktop/Projects/Arm-Cortex/Avionic_Test_v1.0/Debug/../Core/Src/BMP.h:17: multiple definition of `B2'; Core/Src/BMP.o:C:/Users/bakialmaci/Desktop/Projects/Arm-Cortex/Avionic_Test_v1.0/Debug/../Core/Src/BMP.h:17: first defined here
c:\st\stm32cubeide_1.6.1\stm32cubeide\plugins\com.st.stm32cube.ide.mcu.externaltools.gnu-tools-for-stm32.9-2020-q2-update.win32_1.5.0.202011040924\tools\arm-none-eabi\bin\ld.exe: Core/Src/main.o:C:/Users/bakialmaci/Desktop/Projects/Arm-Cortex/Avionic_Test_v1.0/Debug/../Core/Src/BMP.h:18: multiple definition of `MB'; Core/Src/BMP.o:C:/Users/bakialmaci/Desktop/Projects/Arm-Cortex/Avionic_Test_v1.0/Debug/../Core/Src/BMP.h:18: first defined here
c:\st\stm32cubeide_1.6.1\stm32cubeide\plugins\com.st.stm32cube.ide.mcu.externaltools.gnu-tools-for-stm32.9-2020-q2-update.win32_1.5.0.202011040924\tools\arm-none-eabi\bin\ld.exe: Core/Src/main.o:C:/Users/bakialmaci/Desktop/Projects/Arm-Cortex/Avionic_Test_v1.0/Debug/../Core/Src/BMP.h:19: multiple definition of `MC'; Core/Src/BMP.o:C:/Users/bakialmaci/Desktop/Projects/Arm-Cortex/Avionic_Test_v1.0/Debug/../Core/Src/BMP.h:19: first defined here
c:\st\stm32cubeide_1.6.1\stm32cubeide\plugins\com.st.stm32cube.ide.mcu.externaltools.gnu-tools-for-stm32.9-2020-q2-update.win32_1.5.0.202011040924\tools\arm-none-eabi\bin\ld.exe: Core/Src/main.o:C:/Users/bakialmaci/Desktop/Projects/Arm-Cortex/Avionic_Test_v1.0/Debug/../Core/Src/BMP.h:20: multiple definition of `MD'; Core/Src/BMP.o:C:/Users/bakialmaci/Desktop/Projects/Arm-Cortex/Avionic_Test_v1.0/Debug/../Core/Src/BMP.h:20: first defined here
c:\st\stm32cubeide_1.6.1\stm32cubeide\plugins\com.st.stm32cube.ide.mcu.externaltools.gnu-tools-for-stm32.9-2020-q2-update.win32_1.5.0.202011040924\tools\arm-none-eabi\bin\ld.exe: Core/Src/main.o:C:/Users/bakialmaci/Desktop/Projects/Arm-Cortex/Avionic_Test_v1.0/Debug/../Core/Src/BMP.h:21: multiple definition of `UT'; Core/Src/BMP.o:C:/Users/bakialmaci/Desktop/Projects/Arm-Cortex/Avionic_Test_v1.0/Debug/../Core/Src/BMP.h:21: first defined here
c:\st\stm32cubeide_1.6.1\stm32cubeide\plugins\com.st.stm32cube.ide.mcu.externaltools.gnu-tools-for-stm32.9-2020-q2-update.win32_1.5.0.202011040924\tools\arm-none-eabi\bin\ld.exe: Core/Src/main.o:C:/Users/bakialmaci/Desktop/Projects/Arm-Cortex/Avionic_Test_v1.0/Debug/../Core/Src/BMP.h:22: multiple definition of `oss'; Core/Src/BMP.o:C:/Users/bakialmaci/Desktop/Projects/Arm-Cortex/Avionic_Test_v1.0/Debug/../Core/Src/BMP.h:22: first defined here
c:\st\stm32cubeide_1.6.1\stm32cubeide\plugins\com.st.stm32cube.ide.mcu.externaltools.gnu-tools-for-stm32.9-2020-q2-update.win32_1.5.0.202011040924\tools\arm-none-eabi\bin\ld.exe: Core/Src/main.o:C:/Users/bakialmaci/Desktop/Projects/Arm-Cortex/Avionic_Test_v1.0/Debug/../Core/Src/BMP.h:23: multiple definition of `UP'; Core/Src/BMP.o:C:/Users/bakialmaci/Desktop/Projects/Arm-Cortex/Avionic_Test_v1.0/Debug/../Core/Src/BMP.h:23: first defined here
c:\st\stm32cubeide_1.6.1\stm32cubeide\plugins\com.st.stm32cube.ide.mcu.externaltools.gnu-tools-for-stm32.9-2020-q2-update.win32_1.5.0.202011040924\tools\arm-none-eabi\bin\ld.exe: Core/Src/main.o:C:/Users/bakialmaci/Desktop/Projects/Arm-Cortex/Avionic_Test_v1.0/Debug/../Core/Src/BMP.h:24: multiple definition of `X1'; Core/Src/BMP.o:C:/Users/bakialmaci/Desktop/Projects/Arm-Cortex/Avionic_Test_v1.0/Debug/../Core/Src/BMP.h:24: first defined here
c:\st\stm32cubeide_1.6.1\stm32cubeide\plugins\com.st.stm32cube.ide.mcu.externaltools.gnu-tools-for-stm32.9-2020-q2-update.win32_1.5.0.202011040924\tools\arm-none-eabi\bin\ld.exe: Core/Src/main.o:C:/Users/bakialmaci/Desktop/Projects/Arm-Cortex/Avionic_Test_v1.0/Debug/../Core/Src/BMP.h:25: multiple definition of `X2'; Core/Src/BMP.o:C:/Users/bakialmaci/Desktop/Projects/Arm-Cortex/Avionic_Test_v1.0/Debug/../Core/Src/BMP.h:25: first defined here
c:\st\stm32cubeide_1.6.1\stm32cubeide\plugins\com.st.stm32cube.ide.mcu.externaltools.gnu-tools-for-stm32.9-2020-q2-update.win32_1.5.0.202011040924\tools\arm-none-eabi\bin\ld.exe: Core/Src/main.o:C:/Users/bakialmaci/Desktop/Projects/Arm-Cortex/Avionic_Test_v1.0/Debug/../Core/Src/BMP.h:26: multiple definition of `X3'; Core/Src/BMP.o:C:/Users/bakialmaci/Desktop/Projects/Arm-Cortex/Avionic_Test_v1.0/Debug/../Core/Src/BMP.h:26: first defined here
c:\st\stm32cubeide_1.6.1\stm32cubeide\plugins\com.st.stm32cube.ide.mcu.externaltools.gnu-tools-for-stm32.9-2020-q2-update.win32_1.5.0.202011040924\tools\arm-none-eabi\bin\ld.exe: Core/Src/main.o:C:/Users/bakialmaci/Desktop/Projects/Arm-Cortex/Avionic_Test_v1.0/Debug/../Core/Src/BMP.h:27: multiple definition of `B3'; Core/Src/BMP.o:C:/Users/bakialmaci/Desktop/Projects/Arm-Cortex/Avionic_Test_v1.0/Debug/../Core/Src/BMP.h:27: first defined here
c:\st\stm32cubeide_1.6.1\stm32cubeide\plugins\com.st.stm32cube.ide.mcu.externaltools.gnu-tools-for-stm32.9-2020-q2-update.win32_1.5.0.202011040924\tools\arm-none-eabi\bin\ld.exe: Core/Src/main.o:C:/Users/bakialmaci/Desktop/Projects/Arm-Cortex/Avionic_Test_v1.0/Debug/../Core/Src/BMP.h:28: multiple definition of `B5'; Core/Src/BMP.o:C:/Users/bakialmaci/Desktop/Projects/Arm-Cortex/Avionic_Test_v1.0/Debug/../Core/Src/BMP.h:28: first defined here
c:\st\stm32cubeide_1.6.1\stm32cubeide\plugins\com.st.stm32cube.ide.mcu.externaltools.gnu-tools-for-stm32.9-2020-q2-update.win32_1.5.0.202011040924\tools\arm-none-eabi\bin\ld.exe: Core/Src/main.o:C:/Users/bakialmaci/Desktop/Projects/Arm-Cortex/Avionic_Test_v1.0/Debug/../Core/Src/BMP.h:29: multiple definition of `B4'; Core/Src/BMP.o:C:/Users/bakialmaci/Desktop/Projects/Arm-Cortex/Avionic_Test_v1.0/Debug/../Core/Src/BMP.h:29: first defined here
c:\st\stm32cubeide_1.6.1\stm32cubeide\plugins\com.st.stm32cube.ide.mcu.externaltools.gnu-tools-for-stm32.9-2020-q2-update.win32_1.5.0.202011040924\tools\arm-none-eabi\bin\ld.exe: Core/Src/main.o:C:/Users/bakialmaci/Desktop/Projects/Arm-Cortex/Avionic_Test_v1.0/Debug/../Core/Src/BMP.h:30: multiple definition of `B6'; Core/Src/BMP.o:C:/Users/bakialmaci/Desktop/Projects/Arm-Cortex/Avionic_Test_v1.0/Debug/../Core/Src/BMP.h:30: first defined here
c:\st\stm32cubeide_1.6.1\stm32cubeide\plugins\com.st.stm32cube.ide.mcu.externaltools.gnu-tools-for-stm32.9-2020-q2-update.win32_1.5.0.202011040924\tools\arm-none-eabi\bin\ld.exe: Core/Src/main.o:C:/Users/bakialmaci/Desktop/Projects/Arm-Cortex/Avionic_Test_v1.0/Debug/../Core/Src/BMP.h:31: multiple definition of `B7'; Core/Src/BMP.o:C:/Users/bakialmaci/Desktop/Projects/Arm-Cortex/Avionic_Test_v1.0/Debug/../Core/Src/BMP.h:31: first defined here
c:\st\stm32cubeide_1.6.1\stm32cubeide\plugins\com.st.stm32cube.ide.mcu.externaltools.gnu-tools-for-stm32.9-2020-q2-update.win32_1.5.0.202011040924\tools\arm-none-eabi\bin\ld.exe: Core/Src/main.o:C:/Users/bakialmaci/Desktop/Projects/Arm-Cortex/Avionic_Test_v1.0/Debug/../Core/Src/BMP.h:33: multiple definition of `Press'; Core/Src/BMP.o:C:/Users/bakialmaci/Desktop/Projects/Arm-Cortex/Avionic_Test_v1.0/Debug/../Core/Src/BMP.h:33: first defined here
c:\st\stm32cubeide_1.6.1\stm32cubeide\plugins\com.st.stm32cube.ide.mcu.externaltools.gnu-tools-for-stm32.9-2020-q2-update.win32_1.5.0.202011040924\tools\arm-none-eabi\bin\ld.exe: Core/Src/main.o:C:/Users/bakialmaci/Desktop/Projects/Arm-Cortex/Avionic_Test_v1.0/Debug/../Core/Src/BMP.h:34: multiple definition of `Temp'; Core/Src/BMP.o:C:/Users/bakialmaci/Desktop/Projects/Arm-Cortex/Avionic_Test_v1.0/Debug/../Core/Src/BMP.h:34: first defined here
c:\st\stm32cubeide_1.6.1\stm32cubeide\plugins\com.st.stm32cube.ide.mcu.externaltools.gnu-tools-for-stm32.9-2020-q2-update.win32_1.5.0.202011040924\tools\arm-none-eabi\bin\ld.exe: Core/Src/main.o:C:/Users/bakialmaci/Desktop/Projects/Arm-Cortex/Avionic_Test_v1.0/Debug/../Core/Src/BMP.h:35: multiple definition of `Temperature'; Core/Src/BMP.o:C:/Users/bakialmaci/Desktop/Projects/Arm-Cortex/Avionic_Test_v1.0/Debug/../Core/Src/BMP.h:35: first defined here
c:\st\stm32cubeide_1.6.1\stm32cubeide\plugins\com.st.stm32cube.ide.mcu.externaltools.gnu-tools-for-stm32.9-2020-q2-update.win32_1.5.0.202011040924\tools\arm-none-eabi\bin\ld.exe: Core/Src/main.o:C:/Users/bakialmaci/Desktop/Projects/Arm-Cortex/Avionic_Test_v1.0/Debug/../Core/Src/BMP.h:36: multiple definition of `Pressure'; Core/Src/BMP.o:C:/Users/bakialmaci/Desktop/Projects/Arm-Cortex/Avionic_Test_v1.0/Debug/../Core/Src/BMP.h:36: first defined here
c:\st\stm32cubeide_1.6.1\stm32cubeide\plugins\com.st.stm32cube.ide.mcu.externaltools.gnu-tools-for-stm32.9-2020-q2-update.win32_1.5.0.202011040924\tools\arm-none-eabi\bin\ld.exe: Core/Src/main.o:C:/Users/bakialmaci/Desktop/Projects/Arm-Cortex/Avionic_Test_v1.0/Debug/../Core/Src/BMP.h:37: multiple definition of `Altitude'; Core/Src/BMP.o:C:/Users/bakialmaci/Desktop/Projects/Arm-Cortex/Avionic_Test_v1.0/Debug/../Core/Src/BMP.h:37: first defined here
collect2.exe: error: ld returned 1 exit status
make: *** [makefile:65: Avionic_Test_v1.0.elf] Error 1
"make -j8 all" terminated with exit code 2. Build might be incomplete.
22:11:44 **** Incremental Build of configuration Debug for project Avionic_Test_v1.0 ****
make -j8 all 
arm-none-eabi-gcc "../Core/Src/BMP.c" -mcpu=cortex-m3 -std=gnu11 -g3 -DDEBUG -DUSE_HAL_DRIVER -DSTM32F103xB -c -I../Core/Inc -I../Drivers/STM32F1xx_HAL_Driver/Inc -I../Drivers/STM32F1xx_HAL_Driver/Inc/Legacy -I../Drivers/CMSIS/Device/ST/STM32F1xx/Include -I../Drivers/CMSIS/Include -O0 -ffunction-sections -fdata-sections -Wall -fstack-usage -MMD -MP -MF"Core/Src/BMP.d" -MT"Core/Src/BMP.o" --specs=nano.specs -mfloat-abi=soft -mthumb -o "Core/Src/BMP.o"
arm-none-eabi-gcc "../Core/Src/main.c" -mcpu=cortex-m3 -std=gnu11 -g3 -DDEBUG -DUSE_HAL_DRIVER -DSTM32F103xB -c -I../Core/Inc -I../Drivers/STM32F1xx_HAL_Driver/Inc -I../Drivers/STM32F1xx_HAL_Driver/Inc/Legacy -I../Drivers/CMSIS/Device/ST/STM32F1xx/Include -I../Drivers/CMSIS/Include -O0 -ffunction-sections -fdata-sections -Wall -fstack-usage -MMD -MP -MF"Core/Src/main.d" -MT"Core/Src/main.o" --specs=nano.specs -mfloat-abi=soft -mthumb -o "Core/Src/main.o"
arm-none-eabi-gcc -o "Avionic_Test_v1.0.elf" @"objects.list"   -mcpu=cortex-m3 -T"C:\Users\bakialmaci\Desktop\Projects\Arm-Cortex\Avionic_Test_v1.0\STM32F103C8TX_FLASH.ld" --specs=nosys.specs -Wl,-Map="Avionic_Test_v1.0.map" -Wl,--gc-sections -static --specs=nano.specs -mfloat-abi=soft -mthumb -u _scanf_float -Wl,--start-group -lc -lm -Wl,--end-group
c:\st\stm32cubeide_1.6.1\stm32cubeide\plugins\com.st.stm32cube.ide.mcu.externaltools.gnu-tools-for-stm32.9-2020-q2-update.win32_1.5.0.202011040924\tools\arm-none-eabi\bin\ld.exe: Core/Src/main.o:C:/Users/bakialmaci/Desktop/Projects/Arm-Cortex/Avionic_Test_v1.0/Debug/../Core/Src/BMP.h:24: multiple definition of `AC1'; Core/Src/BMP.o:C:/Users/bakialmaci/Desktop/Projects/Arm-Cortex/Avionic_Test_v1.0/Debug/../Core/Src/BMP.h:24: first defined here
c:\st\stm32cubeide_1.6.1\stm32cubeide\plugins\com.st.stm32cube.ide.mcu.externaltools.gnu-tools-for-stm32.9-2020-q2-update.win32_1.5.0.202011040924\tools\arm-none-eabi\bin\ld.exe: Core/Src/main.o:C:/Users/bakialmaci/Desktop/Projects/Arm-Cortex/Avionic_Test_v1.0/Debug/../Core/Src/BMP.h:25: multiple definition of `AC2'; Core/Src/BMP.o:C:/Users/bakialmaci/Desktop/Projects/Arm-Cortex/Avionic_Test_v1.0/Debug/../Core/Src/BMP.h:25: first defined here
c:\st\stm32cubeide_1.6.1\stm32cubeide\plugins\com.st.stm32cube.ide.mcu.externaltools.gnu-tools-for-stm32.9-2020-q2-update.win32_1.5.0.202011040924\tools\arm-none-eabi\bin\ld.exe: Core/Src/main.o:C:/Users/bakialmaci/Desktop/Projects/Arm-Cortex/Avionic_Test_v1.0/Debug/../Core/Src/BMP.h:26: multiple definition of `AC3'; Core/Src/BMP.o:C:/Users/bakialmaci/Desktop/Projects/Arm-Cortex/Avionic_Test_v1.0/Debug/../Core/Src/BMP.h:26: first defined here
c:\st\stm32cubeide_1.6.1\stm32cubeide\plugins\com.st.stm32cube.ide.mcu.externaltools.gnu-tools-for-stm32.9-2020-q2-update.win32_1.5.0.202011040924\tools\arm-none-eabi\bin\ld.exe: Core/Src/main.o:C:/Users/bakialmaci/Desktop/Projects/Arm-Cortex/Avionic_Test_v1.0/Debug/../Core/Src/BMP.h:27: multiple definition of `AC4'; Core/Src/BMP.o:C:/Users/bakialmaci/Desktop/Projects/Arm-Cortex/Avionic_Test_v1.0/Debug/../Core/Src/BMP.h:27: first defined here
c:\st\stm32cubeide_1.6.1\stm32cubeide\plugins\com.st.stm32cube.ide.mcu.externaltools.gnu-tools-for-stm32.9-2020-q2-update.win32_1.5.0.202011040924\tools\arm-none-eabi\bin\ld.exe: Core/Src/main.o:C:/Users/bakialmaci/Desktop/Projects/Arm-Cortex/Avionic_Test_v1.0/Debug/../Core/Src/BMP.h:28: multiple definition of `AC5'; Core/Src/BMP.o:C:/Users/bakialmaci/Desktop/Projects/Arm-Cortex/Avionic_Test_v1.0/Debug/../Core/Src/BMP.h:28: first defined here
c:\st\stm32cubeide_1.6.1\stm32cubeide\plugins\com.st.stm32cube.ide.mcu.externaltools.gnu-tools-for-stm32.9-2020-q2-update.win32_1.5.0.202011040924\tools\arm-none-eabi\bin\ld.exe: Core/Src/main.o:C:/Users/bakialmaci/Desktop/Projects/Arm-Cortex/Avionic_Test_v1.0/Debug/../Core/Src/BMP.h:29: multiple definition of `AC6'; Core/Src/BMP.o:C:/Users/bakialmaci/Desktop/Projects/Arm-Cortex/Avionic_Test_v1.0/Debug/../Core/Src/BMP.h:29: first defined here
c:\st\stm32cubeide_1.6.1\stm32cubeide\plugins\com.st.stm32cube.ide.mcu.externaltools.gnu-tools-for-stm32.9-2020-q2-update.win32_1.5.0.202011040924\tools\arm-none-eabi\bin\ld.exe: Core/Src/main.o:C:/Users/bakialmaci/Desktop/Projects/Arm-Cortex/Avionic_Test_v1.0/Debug/../Core/Src/BMP.h:30: multiple definition of `B1'; Core/Src/BMP.o:C:/Users/bakialmaci/Desktop/Projects/Arm-Cortex/Avionic_Test_v1.0/Debug/../Core/Src/BMP.h:30: first defined here
c:\st\stm32cubeide_1.6.1\stm32cubeide\plugins\com.st.stm32cube.ide.mcu.externaltools.gnu-tools-for-stm32.9-2020-q2-update.win32_1.5.0.202011040924\tools\arm-none-eabi\bin\ld.exe: Core/Src/main.o:C:/Users/bakialmaci/Desktop/Projects/Arm-Cortex/Avionic_Test_v1.0/Debug/../Core/Src/BMP.h:31: multiple definition of `B2'; Core/Src/BMP.o:C:/Users/bakialmaci/Desktop/Projects/Arm-Cortex/Avionic_Test_v1.0/Debug/../Core/Src/BMP.h:31: first defined here
c:\st\stm32cubeide_1.6.1\stm32cubeide\plugins\com.st.stm32cube.ide.mcu.externaltools.gnu-tools-for-stm32.9-2020-q2-update.win32_1.5.0.202011040924\tools\arm-none-eabi\bin\ld.exe: Core/Src/main.o:C:/Users/bakialmaci/Desktop/Projects/Arm-Cortex/Avionic_Test_v1.0/Debug/../Core/Src/BMP.h:32: multiple definition of `MB'; Core/Src/BMP.o:C:/Users/bakialmaci/Desktop/Projects/Arm-Cortex/Avionic_Test_v1.0/Debug/../Core/Src/BMP.h:32: first defined here
c:\st\stm32cubeide_1.6.1\stm32cubeide\plugins\com.st.stm32cube.ide.mcu.externaltools.gnu-tools-for-stm32.9-2020-q2-update.win32_1.5.0.202011040924\tools\arm-none-eabi\bin\ld.exe: Core/Src/main.o:C:/Users/bakialmaci/Desktop/Projects/Arm-Cortex/Avionic_Test_v1.0/Debug/../Core/Src/BMP.h:33: multiple definition of `MC'; Core/Src/BMP.o:C:/Users/bakialmaci/Desktop/Projects/Arm-Cortex/Avionic_Test_v1.0/Debug/../Core/Src/BMP.h:33: first defined here
c:\st\stm32cubeide_1.6.1\stm32cubeide\plugins\com.st.stm32cube.ide.mcu.externaltools.gnu-tools-for-stm32.9-2020-q2-update.win32_1.5.0.202011040924\tools\arm-none-eabi\bin\ld.exe: Core/Src/main.o:C:/Users/bakialmaci/Desktop/Projects/Arm-Cortex/Avionic_Test_v1.0/Debug/../Core/Src/BMP.h:34: multiple definition of `MD'; Core/Src/BMP.o:C:/Users/bakialmaci/Desktop/Projects/Arm-Cortex/Avionic_Test_v1.0/Debug/../Core/Src/BMP.h:34: first defined here
c:\st\stm32cubeide_1.6.1\stm32cubeide\plugins\com.st.stm32cube.ide.mcu.externaltools.gnu-tools-for-stm32.9-2020-q2-update.win32_1.5.0.202011040924\tools\arm-none-eabi\bin\ld.exe: Core/Src/main.o:C:/Users/bakialmaci/Desktop/Projects/Arm-Cortex/Avionic_Test_v1.0/Debug/../Core/Src/BMP.h:35: multiple definition of `UT'; Core/Src/BMP.o:C:/Users/bakialmaci/Desktop/Projects/Arm-Cortex/Avionic_Test_v1.0/Debug/../Core/Src/BMP.h:35: first defined here
c:\st\stm32cubeide_1.6.1\stm32cubeide\plugins\com.st.stm32cube.ide.mcu.externaltools.gnu-tools-for-stm32.9-2020-q2-update.win32_1.5.0.202011040924\tools\arm-none-eabi\bin\ld.exe: Core/Src/main.o:C:/Users/bakialmaci/Desktop/Projects/Arm-Cortex/Avionic_Test_v1.0/Debug/../Core/Src/BMP.h:36: multiple definition of `oss'; Core/Src/BMP.o:C:/Users/bakialmaci/Desktop/Projects/Arm-Cortex/Avionic_Test_v1.0/Debug/../Core/Src/BMP.h:36: first defined here
c:\st\stm32cubeide_1.6.1\stm32cubeide\plugins\com.st.stm32cube.ide.mcu.externaltools.gnu-tools-for-stm32.9-2020-q2-update.win32_1.5.0.202011040924\tools\arm-none-eabi\bin\ld.exe: Core/Src/main.o:C:/Users/bakialmaci/Desktop/Projects/Arm-Cortex/Avionic_Test_v1.0/Debug/../Core/Src/BMP.h:37: multiple definition of `UP'; Core/Src/BMP.o:C:/Users/bakialmaci/Desktop/Projects/Arm-Cortex/Avionic_Test_v1.0/Debug/../Core/Src/BMP.h:37: first defined here
c:\st\stm32cubeide_1.6.1\stm32cubeide\plugins\com.st.stm32cube.ide.mcu.externaltools.gnu-tools-for-stm32.9-2020-q2-update.win32_1.5.0.202011040924\tools\arm-none-eabi\bin\ld.exe: Core/Src/main.o:C:/Users/bakialmaci/Desktop/Projects/Arm-Cortex/Avionic_Test_v1.0/Debug/../Core/Src/BMP.h:38: multiple definition of `X1'; Core/Src/BMP.o:C:/Users/bakialmaci/Desktop/Projects/Arm-Cortex/Avionic_Test_v1.0/Debug/../Core/Src/BMP.h:38: first defined here
c:\st\stm32cubeide_1.6.1\stm32cubeide\plugins\com.st.stm32cube.ide.mcu.externaltools.gnu-tools-for-stm32.9-2020-q2-update.win32_1.5.0.202011040924\tools\arm-none-eabi\bin\ld.exe: Core/Src/main.o:C:/Users/bakialmaci/Desktop/Projects/Arm-Cortex/Avionic_Test_v1.0/Debug/../Core/Src/BMP.h:39: multiple definition of `X2'; Core/Src/BMP.o:C:/Users/bakialmaci/Desktop/Projects/Arm-Cortex/Avionic_Test_v1.0/Debug/../Core/Src/BMP.h:39: first defined here
c:\st\stm32cubeide_1.6.1\stm32cubeide\plugins\com.st.stm32cube.ide.mcu.externaltools.gnu-tools-for-stm32.9-2020-q2-update.win32_1.5.0.202011040924\tools\arm-none-eabi\bin\ld.exe: Core/Src/main.o:C:/Users/bakialmaci/Desktop/Projects/Arm-Cortex/Avionic_Test_v1.0/Debug/../Core/Src/BMP.h:40: multiple definition of `X3'; Core/Src/BMP.o:C:/Users/bakialmaci/Desktop/Projects/Arm-Cortex/Avionic_Test_v1.0/Debug/../Core/Src/BMP.h:40: first defined here
c:\st\stm32cubeide_1.6.1\stm32cubeide\plugins\com.st.stm32cube.ide.mcu.externaltools.gnu-tools-for-stm32.9-2020-q2-update.win32_1.5.0.202011040924\tools\arm-none-eabi\bin\ld.exe: Core/Src/main.o:C:/Users/bakialmaci/Desktop/Projects/Arm-Cortex/Avionic_Test_v1.0/Debug/../Core/Src/BMP.h:41: multiple definition of `B3'; Core/Src/BMP.o:C:/Users/bakialmaci/Desktop/Projects/Arm-Cortex/Avionic_Test_v1.0/Debug/../Core/Src/BMP.h:41: first defined here
c:\st\stm32cubeide_1.6.1\stm32cubeide\plugins\com.st.stm32cube.ide.mcu.externaltools.gnu-tools-for-stm32.9-2020-q2-update.win32_1.5.0.202011040924\tools\arm-none-eabi\bin\ld.exe: Core/Src/main.o:C:/Users/bakialmaci/Desktop/Projects/Arm-Cortex/Avionic_Test_v1.0/Debug/../Core/Src/BMP.h:42: multiple definition of `B5'; Core/Src/BMP.o:C:/Users/bakialmaci/Desktop/Projects/Arm-Cortex/Avionic_Test_v1.0/Debug/../Core/Src/BMP.h:42: first defined here
c:\st\stm32cubeide_1.6.1\stm32cubeide\plugins\com.st.stm32cube.ide.mcu.externaltools.gnu-tools-for-stm32.9-2020-q2-update.win32_1.5.0.202011040924\tools\arm-none-eabi\bin\ld.exe: Core/Src/main.o:C:/Users/bakialmaci/Desktop/Projects/Arm-Cortex/Avionic_Test_v1.0/Debug/../Core/Src/BMP.h:43: multiple definition of `B4'; Core/Src/BMP.o:C:/Users/bakialmaci/Desktop/Projects/Arm-Cortex/Avionic_Test_v1.0/Debug/../Core/Src/BMP.h:43: first defined here
c:\st\stm32cubeide_1.6.1\stm32cubeide\plugins\com.st.stm32cube.ide.mcu.externaltools.gnu-tools-for-stm32.9-2020-q2-update.win32_1.5.0.202011040924\tools\arm-none-eabi\bin\ld.exe: Core/Src/main.o:C:/Users/bakialmaci/Desktop/Projects/Arm-Cortex/Avionic_Test_v1.0/Debug/../Core/Src/BMP.h:44: multiple definition of `B6'; Core/Src/BMP.o:C:/Users/bakialmaci/Desktop/Projects/Arm-Cortex/Avionic_Test_v1.0/Debug/../Core/Src/BMP.h:44: first defined here
c:\st\stm32cubeide_1.6.1\stm32cubeide\plugins\com.st.stm32cube.ide.mcu.externaltools.gnu-tools-for-stm32.9-2020-q2-update.win32_1.5.0.202011040924\tools\arm-none-eabi\bin\ld.exe: Core/Src/main.o:C:/Users/bakialmaci/Desktop/Projects/Arm-Cortex/Avionic_Test_v1.0/Debug/../Core/Src/BMP.h:45: multiple definition of `B7'; Core/Src/BMP.o:C:/Users/bakialmaci/Desktop/Projects/Arm-Cortex/Avionic_Test_v1.0/Debug/../Core/Src/BMP.h:45: first defined here
c:\st\stm32cubeide_1.6.1\stm32cubeide\plugins\com.st.stm32cube.ide.mcu.externaltools.gnu-tools-for-stm32.9-2020-q2-update.win32_1.5.0.202011040924\tools\arm-none-eabi\bin\ld.exe: Core/Src/main.o:C:/Users/bakialmaci/Desktop/Projects/Arm-Cortex/Avionic_Test_v1.0/Debug/../Core/Src/BMP.h:47: multiple definition of `Press'; Core/Src/BMP.o:C:/Users/bakialmaci/Desktop/Projects/Arm-Cortex/Avionic_Test_v1.0/Debug/../Core/Src/BMP.h:47: first defined here
c:\st\stm32cubeide_1.6.1\stm32cubeide\plugins\com.st.stm32cube.ide.mcu.externaltools.gnu-tools-for-stm32.9-2020-q2-update.win32_1.5.0.202011040924\tools\arm-none-eabi\bin\ld.exe: Core/Src/main.o:C:/Users/bakialmaci/Desktop/Projects/Arm-Cortex/Avionic_Test_v1.0/Debug/../Core/Src/BMP.h:48: multiple definition of `Temp'; Core/Src/BMP.o:C:/Users/bakialmaci/Desktop/Projects/Arm-Cortex/Avionic_Test_v1.0/Debug/../Core/Src/BMP.h:48: first defined here
c:\st\stm32cubeide_1.6.1\stm32cubeide\plugins\com.st.stm32cube.ide.mcu.externaltools.gnu-tools-for-stm32.9-2020-q2-update.win32_1.5.0.202011040924\tools\arm-none-eabi\bin\ld.exe: Core/Src/main.o:C:/Users/bakialmaci/Desktop/Projects/Arm-Cortex/Avionic_Test_v1.0/Debug/../Core/Src/BMP.h:49: multiple definition of `Temperature'; Core/Src/BMP.o:C:/Users/bakialmaci/Desktop/Projects/Arm-Cortex/Avionic_Test_v1.0/Debug/../Core/Src/BMP.h:49: first defined here
c:\st\stm32cubeide_1.6.1\stm32cubeide\plugins\com.st.stm32cube.ide.mcu.externaltools.gnu-tools-for-stm32.9-2020-q2-update.win32_1.5.0.202011040924\tools\arm-none-eabi\bin\ld.exe: Core/Src/main.o:C:/Users/bakialmaci/Desktop/Projects/Arm-Cortex/Avionic_Test_v1.0/Debug/../Core/Src/BMP.h:50: multiple definition of `Pressure'; Core/Src/BMP.o:C:/Users/bakialmaci/Desktop/Projects/Arm-Cortex/Avionic_Test_v1.0/Debug/../Core/Src/BMP.h:50: first defined here
c:\st\stm32cubeide_1.6.1\stm32cubeide\plugins\com.st.stm32cube.ide.mcu.externaltools.gnu-tools-for-stm32.9-2020-q2-update.win32_1.5.0.202011040924\tools\arm-none-eabi\bin\ld.exe: Core/Src/main.o:C:/Users/bakialmaci/Desktop/Projects/Arm-Cortex/Avionic_Test_v1.0/Debug/../Core/Src/BMP.h:51: multiple definition of `Altitude'; Core/Src/BMP.o:C:/Users/bakialmaci/Desktop/Projects/Arm-Cortex/Avionic_Test_v1.0/Debug/../Core/Src/BMP.h:51: first defined here
collect2.exe: error: ld returned 1 exit status
make: *** [makefile:65: Avionic_Test_v1.0.elf] Error 1
"make -j8 all" terminated with exit code 2. Build might be incomplete.
22:11:46 **** Incremental Build of configuration Debug for project BMP180 ****
make -j8 all 
arm-none-eabi-size   BMP180.elf 
   text	   data	    bss	    dec	    hex	filename
  25600	    124	   1740	  27464	   6b48	BMP180.elf
Finished building: default.size.stdout
 
22:11:46 **** Incremental Build of configuration Debug for project Blink ****
make -j8 all 
arm-none-eabi-size   Blink.elf 
   text	   data	    bss	    dec	    hex	filename
   4712	     20	   1572	   6304	   18a0	Blink.elf
Finished building: default.size.stdout
 
22:11:46 **** Incremental Build of configuration Debug for project GPS_TEST ****
make -j8 all 
arm-none-eabi-size   GPS_TEST.elf 
   text	   data	    bss	    dec	    hex	filename
  30880	    488	   2064	  33432	   8298	GPS_TEST.elf
Finished building: default.size.stdout
 
22:11:47 **** Incremental Build of configuration Debug for project GY-NEO6MV2 ****
make -j8 all 
arm-none-eabi-size   GY-NEO6MV2.elf 
   text	   data	    bss	    dec	    hex	filename
   7192	     20	   1908	   9120	   23a0	GY-NEO6MV2.elf
Finished building: default.size.stdout
 
22:11:47 **** Incremental Build of configuration Debug for project MPU6050 ****
make -j8 all 
arm-none-eabi-size   MPU6050.elf 
   text	   data	    bss	    dec	    hex	filename
  27336	    124	   1860	  29320	   7288	MPU6050.elf
Finished building: default.size.stdout
 
22:11:51 **** Incremental Build of configuration Debug for project Avionic_Test_v1.0 ****
make -j8 all 
arm-none-eabi-gcc -o "Avionic_Test_v1.0.elf" @"objects.list"   -mcpu=cortex-m3 -T"C:\Users\bakialmaci\Desktop\Projects\Arm-Cortex\Avionic_Test_v1.0\STM32F103C8TX_FLASH.ld" --specs=nosys.specs -Wl,-Map="Avionic_Test_v1.0.map" -Wl,--gc-sections -static --specs=nano.specs -mfloat-abi=soft -mthumb -u _scanf_float -Wl,--start-group -lc -lm -Wl,--end-group
c:\st\stm32cubeide_1.6.1\stm32cubeide\plugins\com.st.stm32cube.ide.mcu.externaltools.gnu-tools-for-stm32.9-2020-q2-update.win32_1.5.0.202011040924\tools\arm-none-eabi\bin\ld.exe: Core/Src/main.o:C:/Users/bakialmaci/Desktop/Projects/Arm-Cortex/Avionic_Test_v1.0/Debug/../Core/Src/BMP.h:24: multiple definition of `AC1'; Core/Src/BMP.o:C:/Users/bakialmaci/Desktop/Projects/Arm-Cortex/Avionic_Test_v1.0/Debug/../Core/Src/BMP.h:24: first defined here
c:\st\stm32cubeide_1.6.1\stm32cubeide\plugins\com.st.stm32cube.ide.mcu.externaltools.gnu-tools-for-stm32.9-2020-q2-update.win32_1.5.0.202011040924\tools\arm-none-eabi\bin\ld.exe: Core/Src/main.o:C:/Users/bakialmaci/Desktop/Projects/Arm-Cortex/Avionic_Test_v1.0/Debug/../Core/Src/BMP.h:25: multiple definition of `AC2'; Core/Src/BMP.o:C:/Users/bakialmaci/Desktop/Projects/Arm-Cortex/Avionic_Test_v1.0/Debug/../Core/Src/BMP.h:25: first defined here
c:\st\stm32cubeide_1.6.1\stm32cubeide\plugins\com.st.stm32cube.ide.mcu.externaltools.gnu-tools-for-stm32.9-2020-q2-update.win32_1.5.0.202011040924\tools\arm-none-eabi\bin\ld.exe: Core/Src/main.o:C:/Users/bakialmaci/Desktop/Projects/Arm-Cortex/Avionic_Test_v1.0/Debug/../Core/Src/BMP.h:26: multiple definition of `AC3'; Core/Src/BMP.o:C:/Users/bakialmaci/Desktop/Projects/Arm-Cortex/Avionic_Test_v1.0/Debug/../Core/Src/BMP.h:26: first defined here
c:\st\stm32cubeide_1.6.1\stm32cubeide\plugins\com.st.stm32cube.ide.mcu.externaltools.gnu-tools-for-stm32.9-2020-q2-update.win32_1.5.0.202011040924\tools\arm-none-eabi\bin\ld.exe: Core/Src/main.o:C:/Users/bakialmaci/Desktop/Projects/Arm-Cortex/Avionic_Test_v1.0/Debug/../Core/Src/BMP.h:27: multiple definition of `AC4'; Core/Src/BMP.o:C:/Users/bakialmaci/Desktop/Projects/Arm-Cortex/Avionic_Test_v1.0/Debug/../Core/Src/BMP.h:27: first defined here
c:\st\stm32cubeide_1.6.1\stm32cubeide\plugins\com.st.stm32cube.ide.mcu.externaltools.gnu-tools-for-stm32.9-2020-q2-update.win32_1.5.0.202011040924\tools\arm-none-eabi\bin\ld.exe: Core/Src/main.o:C:/Users/bakialmaci/Desktop/Projects/Arm-Cortex/Avionic_Test_v1.0/Debug/../Core/Src/BMP.h:28: multiple definition of `AC5'; Core/Src/BMP.o:C:/Users/bakialmaci/Desktop/Projects/Arm-Cortex/Avionic_Test_v1.0/Debug/../Core/Src/BMP.h:28: first defined here
c:\st\stm32cubeide_1.6.1\stm32cubeide\plugins\com.st.stm32cube.ide.mcu.externaltools.gnu-tools-for-stm32.9-2020-q2-update.win32_1.5.0.202011040924\tools\arm-none-eabi\bin\ld.exe: Core/Src/main.o:C:/Users/bakialmaci/Desktop/Projects/Arm-Cortex/Avionic_Test_v1.0/Debug/../Core/Src/BMP.h:29: multiple definition of `AC6'; Core/Src/BMP.o:C:/Users/bakialmaci/Desktop/Projects/Arm-Cortex/Avionic_Test_v1.0/Debug/../Core/Src/BMP.h:29: first defined here
c:\st\stm32cubeide_1.6.1\stm32cubeide\plugins\com.st.stm32cube.ide.mcu.externaltools.gnu-tools-for-stm32.9-2020-q2-update.win32_1.5.0.202011040924\tools\arm-none-eabi\bin\ld.exe: Core/Src/main.o:C:/Users/bakialmaci/Desktop/Projects/Arm-Cortex/Avionic_Test_v1.0/Debug/../Core/Src/BMP.h:30: multiple definition of `B1'; Core/Src/BMP.o:C:/Users/bakialmaci/Desktop/Projects/Arm-Cortex/Avionic_Test_v1.0/Debug/../Core/Src/BMP.h:30: first defined here
c:\st\stm32cubeide_1.6.1\stm32cubeide\plugins\com.st.stm32cube.ide.mcu.externaltools.gnu-tools-for-stm32.9-2020-q2-update.win32_1.5.0.202011040924\tools\arm-none-eabi\bin\ld.exe: Core/Src/main.o:C:/Users/bakialmaci/Desktop/Projects/Arm-Cortex/Avionic_Test_v1.0/Debug/../Core/Src/BMP.h:31: multiple definition of `B2'; Core/Src/BMP.o:C:/Users/bakialmaci/Desktop/Projects/Arm-Cortex/Avionic_Test_v1.0/Debug/../Core/Src/BMP.h:31: first defined here
c:\st\stm32cubeide_1.6.1\stm32cubeide\plugins\com.st.stm32cube.ide.mcu.externaltools.gnu-tools-for-stm32.9-2020-q2-update.win32_1.5.0.202011040924\tools\arm-none-eabi\bin\ld.exe: Core/Src/main.o:C:/Users/bakialmaci/Desktop/Projects/Arm-Cortex/Avionic_Test_v1.0/Debug/../Core/Src/BMP.h:32: multiple definition of `MB'; Core/Src/BMP.o:C:/Users/bakialmaci/Desktop/Projects/Arm-Cortex/Avionic_Test_v1.0/Debug/../Core/Src/BMP.h:32: first defined here
c:\st\stm32cubeide_1.6.1\stm32cubeide\plugins\com.st.stm32cube.ide.mcu.externaltools.gnu-tools-for-stm32.9-2020-q2-update.win32_1.5.0.202011040924\tools\arm-none-eabi\bin\ld.exe: Core/Src/main.o:C:/Users/bakialmaci/Desktop/Projects/Arm-Cortex/Avionic_Test_v1.0/Debug/../Core/Src/BMP.h:33: multiple definition of `MC'; Core/Src/BMP.o:C:/Users/bakialmaci/Desktop/Projects/Arm-Cortex/Avionic_Test_v1.0/Debug/../Core/Src/BMP.h:33: first defined here
c:\st\stm32cubeide_1.6.1\stm32cubeide\plugins\com.st.stm32cube.ide.mcu.externaltools.gnu-tools-for-stm32.9-2020-q2-update.win32_1.5.0.202011040924\tools\arm-none-eabi\bin\ld.exe: Core/Src/main.o:C:/Users/bakialmaci/Desktop/Projects/Arm-Cortex/Avionic_Test_v1.0/Debug/../Core/Src/BMP.h:34: multiple definition of `MD'; Core/Src/BMP.o:C:/Users/bakialmaci/Desktop/Projects/Arm-Cortex/Avionic_Test_v1.0/Debug/../Core/Src/BMP.h:34: first defined here
c:\st\stm32cubeide_1.6.1\stm32cubeide\plugins\com.st.stm32cube.ide.mcu.externaltools.gnu-tools-for-stm32.9-2020-q2-update.win32_1.5.0.202011040924\tools\arm-none-eabi\bin\ld.exe: Core/Src/main.o:C:/Users/bakialmaci/Desktop/Projects/Arm-Cortex/Avionic_Test_v1.0/Debug/../Core/Src/BMP.h:35: multiple definition of `UT'; Core/Src/BMP.o:C:/Users/bakialmaci/Desktop/Projects/Arm-Cortex/Avionic_Test_v1.0/Debug/../Core/Src/BMP.h:35: first defined here
c:\st\stm32cubeide_1.6.1\stm32cubeide\plugins\com.st.stm32cube.ide.mcu.externaltools.gnu-tools-for-stm32.9-2020-q2-update.win32_1.5.0.202011040924\tools\arm-none-eabi\bin\ld.exe: Core/Src/main.o:C:/Users/bakialmaci/Desktop/Projects/Arm-Cortex/Avionic_Test_v1.0/Debug/../Core/Src/BMP.h:36: multiple definition of `oss'; Core/Src/BMP.o:C:/Users/bakialmaci/Desktop/Projects/Arm-Cortex/Avionic_Test_v1.0/Debug/../Core/Src/BMP.h:36: first defined here
c:\st\stm32cubeide_1.6.1\stm32cubeide\plugins\com.st.stm32cube.ide.mcu.externaltools.gnu-tools-for-stm32.9-2020-q2-update.win32_1.5.0.202011040924\tools\arm-none-eabi\bin\ld.exe: Core/Src/main.o:C:/Users/bakialmaci/Desktop/Projects/Arm-Cortex/Avionic_Test_v1.0/Debug/../Core/Src/BMP.h:37: multiple definition of `UP'; Core/Src/BMP.o:C:/Users/bakialmaci/Desktop/Projects/Arm-Cortex/Avionic_Test_v1.0/Debug/../Core/Src/BMP.h:37: first defined here
c:\st\stm32cubeide_1.6.1\stm32cubeide\plugins\com.st.stm32cube.ide.mcu.externaltools.gnu-tools-for-stm32.9-2020-q2-update.win32_1.5.0.202011040924\tools\arm-none-eabi\bin\ld.exe: Core/Src/main.o:C:/Users/bakialmaci/Desktop/Projects/Arm-Cortex/Avionic_Test_v1.0/Debug/../Core/Src/BMP.h:38: multiple definition of `X1'; Core/Src/BMP.o:C:/Users/bakialmaci/Desktop/Projects/Arm-Cortex/Avionic_Test_v1.0/Debug/../Core/Src/BMP.h:38: first defined here
c:\st\stm32cubeide_1.6.1\stm32cubeide\plugins\com.st.stm32cube.ide.mcu.externaltools.gnu-tools-for-stm32.9-2020-q2-update.win32_1.5.0.202011040924\tools\arm-none-eabi\bin\ld.exe: Core/Src/main.o:C:/Users/bakialmaci/Desktop/Projects/Arm-Cortex/Avionic_Test_v1.0/Debug/../Core/Src/BMP.h:39: multiple definition of `X2'; Core/Src/BMP.o:C:/Users/bakialmaci/Desktop/Projects/Arm-Cortex/Avionic_Test_v1.0/Debug/../Core/Src/BMP.h:39: first defined here
c:\st\stm32cubeide_1.6.1\stm32cubeide\plugins\com.st.stm32cube.ide.mcu.externaltools.gnu-tools-for-stm32.9-2020-q2-update.win32_1.5.0.202011040924\tools\arm-none-eabi\bin\ld.exe: Core/Src/main.o:C:/Users/bakialmaci/Desktop/Projects/Arm-Cortex/Avionic_Test_v1.0/Debug/../Core/Src/BMP.h:40: multiple definition of `X3'; Core/Src/BMP.o:C:/Users/bakialmaci/Desktop/Projects/Arm-Cortex/Avionic_Test_v1.0/Debug/../Core/Src/BMP.h:40: first defined here
c:\st\stm32cubeide_1.6.1\stm32cubeide\plugins\com.st.stm32cube.ide.mcu.externaltools.gnu-tools-for-stm32.9-2020-q2-update.win32_1.5.0.202011040924\tools\arm-none-eabi\bin\ld.exe: Core/Src/main.o:C:/Users/bakialmaci/Desktop/Projects/Arm-Cortex/Avionic_Test_v1.0/Debug/../Core/Src/BMP.h:41: multiple definition of `B3'; Core/Src/BMP.o:C:/Users/bakialmaci/Desktop/Projects/Arm-Cortex/Avionic_Test_v1.0/Debug/../Core/Src/BMP.h:41: first defined here
c:\st\stm32cubeide_1.6.1\stm32cubeide\plugins\com.st.stm32cube.ide.mcu.externaltools.gnu-tools-for-stm32.9-2020-q2-update.win32_1.5.0.202011040924\tools\arm-none-eabi\bin\ld.exe: Core/Src/main.o:C:/Users/bakialmaci/Desktop/Projects/Arm-Cortex/Avionic_Test_v1.0/Debug/../Core/Src/BMP.h:42: multiple definition of `B5'; Core/Src/BMP.o:C:/Users/bakialmaci/Desktop/Projects/Arm-Cortex/Avionic_Test_v1.0/Debug/../Core/Src/BMP.h:42: first defined here
c:\st\stm32cubeide_1.6.1\stm32cubeide\plugins\com.st.stm32cube.ide.mcu.externaltools.gnu-tools-for-stm32.9-2020-q2-update.win32_1.5.0.202011040924\tools\arm-none-eabi\bin\ld.exe: Core/Src/main.o:C:/Users/bakialmaci/Desktop/Projects/Arm-Cortex/Avionic_Test_v1.0/Debug/../Core/Src/BMP.h:43: multiple definition of `B4'; Core/Src/BMP.o:C:/Users/bakialmaci/Desktop/Projects/Arm-Cortex/Avionic_Test_v1.0/Debug/../Core/Src/BMP.h:43: first defined here
c:\st\stm32cubeide_1.6.1\stm32cubeide\plugins\com.st.stm32cube.ide.mcu.externaltools.gnu-tools-for-stm32.9-2020-q2-update.win32_1.5.0.202011040924\tools\arm-none-eabi\bin\ld.exe: Core/Src/main.o:C:/Users/bakialmaci/Desktop/Projects/Arm-Cortex/Avionic_Test_v1.0/Debug/../Core/Src/BMP.h:44: multiple definition of `B6'; Core/Src/BMP.o:C:/Users/bakialmaci/Desktop/Projects/Arm-Cortex/Avionic_Test_v1.0/Debug/../Core/Src/BMP.h:44: first defined here
c:\st\stm32cubeide_1.6.1\stm32cubeide\plugins\com.st.stm32cube.ide.mcu.externaltools.gnu-tools-for-stm32.9-2020-q2-update.win32_1.5.0.202011040924\tools\arm-none-eabi\bin\ld.exe: Core/Src/main.o:C:/Users/bakialmaci/Desktop/Projects/Arm-Cortex/Avionic_Test_v1.0/Debug/../Core/Src/BMP.h:45: multiple definition of `B7'; Core/Src/BMP.o:C:/Users/bakialmaci/Desktop/Projects/Arm-Cortex/Avionic_Test_v1.0/Debug/../Core/Src/BMP.h:45: first defined here
c:\st\stm32cubeide_1.6.1\stm32cubeide\plugins\com.st.stm32cube.ide.mcu.externaltools.gnu-tools-for-stm32.9-2020-q2-update.win32_1.5.0.202011040924\tools\arm-none-eabi\bin\ld.exe: Core/Src/main.o:C:/Users/bakialmaci/Desktop/Projects/Arm-Cortex/Avionic_Test_v1.0/Debug/../Core/Src/BMP.h:47: multiple definition of `Press'; Core/Src/BMP.o:C:/Users/bakialmaci/Desktop/Projects/Arm-Cortex/Avionic_Test_v1.0/Debug/../Core/Src/BMP.h:47: first defined here
c:\st\stm32cubeide_1.6.1\stm32cubeide\plugins\com.st.stm32cube.ide.mcu.externaltools.gnu-tools-for-stm32.9-2020-q2-update.win32_1.5.0.202011040924\tools\arm-none-eabi\bin\ld.exe: Core/Src/main.o:C:/Users/bakialmaci/Desktop/Projects/Arm-Cortex/Avionic_Test_v1.0/Debug/../Core/Src/BMP.h:48: multiple definition of `Temp'; Core/Src/BMP.o:C:/Users/bakialmaci/Desktop/Projects/Arm-Cortex/Avionic_Test_v1.0/Debug/../Core/Src/BMP.h:48: first defined here
c:\st\stm32cubeide_1.6.1\stm32cubeide\plugins\com.st.stm32cube.ide.mcu.externaltools.gnu-tools-for-stm32.9-2020-q2-update.win32_1.5.0.202011040924\tools\arm-none-eabi\bin\ld.exe: Core/Src/main.o:C:/Users/bakialmaci/Desktop/Projects/Arm-Cortex/Avionic_Test_v1.0/Debug/../Core/Src/BMP.h:49: multiple definition of `Temperature'; Core/Src/BMP.o:C:/Users/bakialmaci/Desktop/Projects/Arm-Cortex/Avionic_Test_v1.0/Debug/../Core/Src/BMP.h:49: first defined here
c:\st\stm32cubeide_1.6.1\stm32cubeide\plugins\com.st.stm32cube.ide.mcu.externaltools.gnu-tools-for-stm32.9-2020-q2-update.win32_1.5.0.202011040924\tools\arm-none-eabi\bin\ld.exe: Core/Src/main.o:C:/Users/bakialmaci/Desktop/Projects/Arm-Cortex/Avionic_Test_v1.0/Debug/../Core/Src/BMP.h:50: multiple definition of `Pressure'; Core/Src/BMP.o:C:/Users/bakialmaci/Desktop/Projects/Arm-Cortex/Avionic_Test_v1.0/Debug/../Core/Src/BMP.h:50: first defined here
c:\st\stm32cubeide_1.6.1\stm32cubeide\plugins\com.st.stm32cube.ide.mcu.externaltools.gnu-tools-for-stm32.9-2020-q2-update.win32_1.5.0.202011040924\tools\arm-none-eabi\bin\ld.exe: Core/Src/main.o:C:/Users/bakialmaci/Desktop/Projects/Arm-Cortex/Avionic_Test_v1.0/Debug/../Core/Src/BMP.h:51: multiple definition of `Altitude'; Core/Src/BMP.o:C:/Users/bakialmaci/Desktop/Projects/Arm-Cortex/Avionic_Test_v1.0/Debug/../Core/Src/BMP.h:51: first defined here
collect2.exe: error: ld returned 1 exit status
make: *** [makefile:65: Avionic_Test_v1.0.elf] Error 1
"make -j8 all" terminated with exit code 2. Build might be incomplete.
22:12:56 **** Incremental Build of configuration Debug for project Avionic_Test_v1.0 ****
make -j8 all 
arm-none-eabi-gcc "../Core/Src/BMP.c" -mcpu=cortex-m3 -std=gnu11 -g3 -DDEBUG -DUSE_HAL_DRIVER -DSTM32F103xB -c -I../Core/Inc -I../Drivers/STM32F1xx_HAL_Driver/Inc -I../Drivers/STM32F1xx_HAL_Driver/Inc/Legacy -I../Drivers/CMSIS/Device/ST/STM32F1xx/Include -I../Drivers/CMSIS/Include -O0 -ffunction-sections -fdata-sections -Wall -fstack-usage -MMD -MP -MF"Core/Src/BMP.d" -MT"Core/Src/BMP.o" --specs=nano.specs -mfloat-abi=soft -mthumb -o "Core/Src/BMP.o"
arm-none-eabi-gcc "../Core/Src/main.c" -mcpu=cortex-m3 -std=gnu11 -g3 -DDEBUG -DUSE_HAL_DRIVER -DSTM32F103xB -c -I../Core/Inc -I../Drivers/STM32F1xx_HAL_Driver/Inc -I../Drivers/STM32F1xx_HAL_Driver/Inc/Legacy -I../Drivers/CMSIS/Device/ST/STM32F1xx/Include -I../Drivers/CMSIS/Include -O0 -ffunction-sections -fdata-sections -Wall -fstack-usage -MMD -MP -MF"Core/Src/main.d" -MT"Core/Src/main.o" --specs=nano.specs -mfloat-abi=soft -mthumb -o "Core/Src/main.o"
arm-none-eabi-gcc -o "Avionic_Test_v1.0.elf" @"objects.list"   -mcpu=cortex-m3 -T"C:\Users\bakialmaci\Desktop\Projects\Arm-Cortex\Avionic_Test_v1.0\STM32F103C8TX_FLASH.ld" --specs=nosys.specs -Wl,-Map="Avionic_Test_v1.0.map" -Wl,--gc-sections -static --specs=nano.specs -mfloat-abi=soft -mthumb -u _scanf_float -Wl,--start-group -lc -lm -Wl,--end-group
Finished building target: Avionic_Test_v1.0.elf
 
arm-none-eabi-objdump -h -S  Avionic_Test_v1.0.elf  > "Avionic_Test_v1.0.list"
arm-none-eabi-objcopy  -O binary  Avionic_Test_v1.0.elf  "Avionic_Test_v1.0.bin"
arm-none-eabi-size   Avionic_Test_v1.0.elf 
   text	   data	    bss	    dec	    hex	filename
  51480	    492	   2300	  54272	   d400	Avionic_Test_v1.0.elf
Finished building: default.size.stdout
 
Finished building: Avionic_Test_v1.0.bin
 
Finished building: Avionic_Test_v1.0.list
 
22:12:57 **** Incremental Build of configuration Debug for project BMP180 ****
make -j8 all 
arm-none-eabi-size   BMP180.elf 
   text	   data	    bss	    dec	    hex	filename
  25600	    124	   1740	  27464	   6b48	BMP180.elf
Finished building: default.size.stdout
 
22:12:58 **** Incremental Build of configuration Debug for project Blink ****
make -j8 all 
arm-none-eabi-size   Blink.elf 
   text	   data	    bss	    dec	    hex	filename
   4712	     20	   1572	   6304	   18a0	Blink.elf
Finished building: default.size.stdout
 
22:12:58 **** Incremental Build of configuration Debug for project GPS_TEST ****
make -j8 all 
arm-none-eabi-size   GPS_TEST.elf 
   text	   data	    bss	    dec	    hex	filename
  30880	    488	   2064	  33432	   8298	GPS_TEST.elf
Finished building: default.size.stdout
 
22:12:58 **** Incremental Build of configuration Debug for project GY-NEO6MV2 ****
make -j8 all 
arm-none-eabi-size   GY-NEO6MV2.elf 
   text	   data	    bss	    dec	    hex	filename
   7192	     20	   1908	   9120	   23a0	GY-NEO6MV2.elf
Finished building: default.size.stdout
 
22:12:59 **** Incremental Build of configuration Debug for project MPU6050 ****
make -j8 all 
arm-none-eabi-size   MPU6050.elf 
   text	   data	    bss	    dec	    hex	filename
  27336	    124	   1860	  29320	   7288	MPU6050.elf
Finished building: default.size.stdout
 
22:13:05 **** Incremental Build of configuration Debug for project Avionic_Test_v1.0 ****
make -j8 all 
arm-none-eabi-size   Avionic_Test_v1.0.elf 
   text	   data	    bss	    dec	    hex	filename
  51480	    492	   2300	  54272	   d400	Avionic_Test_v1.0.elf
Finished building: default.size.stdout
 
22:13:32 **** Incremental Build of configuration Debug for project Avionic_Test_v1.0 ****
make -j8 all 
arm-none-eabi-gcc "../Core/Src/BMP.c" -mcpu=cortex-m3 -std=gnu11 -g3 -DDEBUG -DUSE_HAL_DRIVER -DSTM32F103xB -c -I../Core/Inc -I../Drivers/STM32F1xx_HAL_Driver/Inc -I../Drivers/STM32F1xx_HAL_Driver/Inc/Legacy -I../Drivers/CMSIS/Device/ST/STM32F1xx/Include -I../Drivers/CMSIS/Include -O0 -ffunction-sections -fdata-sections -Wall -fstack-usage -MMD -MP -MF"Core/Src/BMP.d" -MT"Core/Src/BMP.o" --specs=nano.specs -mfloat-abi=soft -mthumb -o "Core/Src/BMP.o"
arm-none-eabi-gcc "../Core/Src/main.c" -mcpu=cortex-m3 -std=gnu11 -g3 -DDEBUG -DUSE_HAL_DRIVER -DSTM32F103xB -c -I../Core/Inc -I../Drivers/STM32F1xx_HAL_Driver/Inc -I../Drivers/STM32F1xx_HAL_Driver/Inc/Legacy -I../Drivers/CMSIS/Device/ST/STM32F1xx/Include -I../Drivers/CMSIS/Include -O0 -ffunction-sections -fdata-sections -Wall -fstack-usage -MMD -MP -MF"Core/Src/main.d" -MT"Core/Src/main.o" --specs=nano.specs -mfloat-abi=soft -mthumb -o "Core/Src/main.o"
arm-none-eabi-gcc -o "Avionic_Test_v1.0.elf" @"objects.list"   -mcpu=cortex-m3 -T"C:\Users\bakialmaci\Desktop\Projects\Arm-Cortex\Avionic_Test_v1.0\STM32F103C8TX_FLASH.ld" --specs=nosys.specs -Wl,-Map="Avionic_Test_v1.0.map" -Wl,--gc-sections -static --specs=nano.specs -mfloat-abi=soft -mthumb -u _scanf_float -Wl,--start-group -lc -lm -Wl,--end-group
Finished building target: Avionic_Test_v1.0.elf
 
arm-none-eabi-objdump -h -S  Avionic_Test_v1.0.elf  > "Avionic_Test_v1.0.list"
arm-none-eabi-objcopy  -O binary  Avionic_Test_v1.0.elf  "Avionic_Test_v1.0.bin"
arm-none-eabi-size   Avionic_Test_v1.0.elf 
   text	   data	    bss	    dec	    hex	filename
  51480	    492	   2300	  54272	   d400	Avionic_Test_v1.0.elf
Finished building: default.size.stdout
 
Finished building: Avionic_Test_v1.0.bin
 
Finished building: Avionic_Test_v1.0.list
 
22:13:48 **** Incremental Build of configuration Debug for project Avionic_Test_v1.0 ****
make -j8 all 
arm-none-eabi-gcc "../Core/Src/BMP.c" -mcpu=cortex-m3 -std=gnu11 -g3 -DDEBUG -DUSE_HAL_DRIVER -DSTM32F103xB -c -I../Core/Inc -I../Drivers/STM32F1xx_HAL_Driver/Inc -I../Drivers/STM32F1xx_HAL_Driver/Inc/Legacy -I../Drivers/CMSIS/Device/ST/STM32F1xx/Include -I../Drivers/CMSIS/Include -O0 -ffunction-sections -fdata-sections -Wall -fstack-usage -MMD -MP -MF"Core/Src/BMP.d" -MT"Core/Src/BMP.o" --specs=nano.specs -mfloat-abi=soft -mthumb -o "Core/Src/BMP.o"
arm-none-eabi-gcc "../Core/Src/main.c" -mcpu=cortex-m3 -std=gnu11 -g3 -DDEBUG -DUSE_HAL_DRIVER -DSTM32F103xB -c -I../Core/Inc -I../Drivers/STM32F1xx_HAL_Driver/Inc -I../Drivers/STM32F1xx_HAL_Driver/Inc/Legacy -I../Drivers/CMSIS/Device/ST/STM32F1xx/Include -I../Drivers/CMSIS/Include -O0 -ffunction-sections -fdata-sections -Wall -fstack-usage -MMD -MP -MF"Core/Src/main.d" -MT"Core/Src/main.o" --specs=nano.specs -mfloat-abi=soft -mthumb -o "Core/Src/main.o"
In file included from ../Core/Src/BMP.c:1:
../Core/Src/BMP.h:8:1: error: unknown type name 'uint16_t'
    8 | uint16_t Get_UTemp (void);
      | ^~~~~~~~
../Core/Src/BMP.h:12:1: error: unknown type name 'uint32_t'
   12 | uint32_t Get_UPress (int oss) ;
      | ^~~~~~~~
../Core/Src/BMP.c:62:10: error: conflicting types for 'Get_UTemp'
   62 | uint16_t Get_UTemp (void)
      |          ^~~~~~~~~
In file included from ../Core/Src/BMP.c:1:
../Core/Src/BMP.h:8:10: note: previous declaration of 'Get_UTemp' was here
    8 | uint16_t Get_UTemp (void);
      |          ^~~~~~~~~
../Core/Src/BMP.c:82:10: error: conflicting types for 'Get_UPress'
   82 | uint32_t Get_UPress (int oss)   // over sampling settings 0,1,2,3
      |          ^~~~~~~~~~
In file included from ../Core/Src/BMP.c:1:
../Core/Src/BMP.h:12:10: note: previous declaration of 'Get_UPress' was here
   12 | uint32_t Get_UPress (int oss) ;
      |          ^~~~~~~~~~
make: *** [Core/Src/subdir.mk:49: Core/Src/BMP.o] Error 1
make: *** Waiting for unfinished jobs....
"make -j8 all" terminated with exit code 2. Build might be incomplete.
22:13:55 **** Incremental Build of configuration Debug for project Avionic_Test_v1.0 ****
make -j8 all 
arm-none-eabi-gcc "../Core/Src/BMP.c" -mcpu=cortex-m3 -std=gnu11 -g3 -DDEBUG -DUSE_HAL_DRIVER -DSTM32F103xB -c -I../Core/Inc -I../Drivers/STM32F1xx_HAL_Driver/Inc -I../Drivers/STM32F1xx_HAL_Driver/Inc/Legacy -I../Drivers/CMSIS/Device/ST/STM32F1xx/Include -I../Drivers/CMSIS/Include -O0 -ffunction-sections -fdata-sections -Wall -fstack-usage -MMD -MP -MF"Core/Src/BMP.d" -MT"Core/Src/BMP.o" --specs=nano.specs -mfloat-abi=soft -mthumb -o "Core/Src/BMP.o"
arm-none-eabi-gcc "../Core/Src/main.c" -mcpu=cortex-m3 -std=gnu11 -g3 -DDEBUG -DUSE_HAL_DRIVER -DSTM32F103xB -c -I../Core/Inc -I../Drivers/STM32F1xx_HAL_Driver/Inc -I../Drivers/STM32F1xx_HAL_Driver/Inc/Legacy -I../Drivers/CMSIS/Device/ST/STM32F1xx/Include -I../Drivers/CMSIS/Include -O0 -ffunction-sections -fdata-sections -Wall -fstack-usage -MMD -MP -MF"Core/Src/main.d" -MT"Core/Src/main.o" --specs=nano.specs -mfloat-abi=soft -mthumb -o "Core/Src/main.o"
arm-none-eabi-gcc -o "Avionic_Test_v1.0.elf" @"objects.list"   -mcpu=cortex-m3 -T"C:\Users\bakialmaci\Desktop\Projects\Arm-Cortex\Avionic_Test_v1.0\STM32F103C8TX_FLASH.ld" --specs=nosys.specs -Wl,-Map="Avionic_Test_v1.0.map" -Wl,--gc-sections -static --specs=nano.specs -mfloat-abi=soft -mthumb -u _scanf_float -Wl,--start-group -lc -lm -Wl,--end-group
Finished building target: Avionic_Test_v1.0.elf
 
arm-none-eabi-objdump -h -S  Avionic_Test_v1.0.elf  > "Avionic_Test_v1.0.list"
arm-none-eabi-objcopy  -O binary  Avionic_Test_v1.0.elf  "Avionic_Test_v1.0.bin"
arm-none-eabi-size   Avionic_Test_v1.0.elf 
   text	   data	    bss	    dec	    hex	filename
  51480	    492	   2300	  54272	   d400	Avionic_Test_v1.0.elf
Finished building: default.size.stdout
 
Finished building: Avionic_Test_v1.0.bin
 
Finished building: Avionic_Test_v1.0.list
 
22:14:08 **** Incremental Build of configuration Debug for project Avionic_Test_v1.0 ****
make -j8 all 
arm-none-eabi-size   Avionic_Test_v1.0.elf 
   text	   data	    bss	    dec	    hex	filename
  51480	    492	   2300	  54272	   d400	Avionic_Test_v1.0.elf
Finished building: default.size.stdout
 
22:15:04 **** Incremental Build of configuration Debug for project Avionic_Test_v1.0 ****
make -j8 all 
arm-none-eabi-gcc "../Core/Src/main.c" -mcpu=cortex-m3 -std=gnu11 -g3 -DDEBUG -DUSE_HAL_DRIVER -DSTM32F103xB -c -I../Core/Inc -I../Drivers/STM32F1xx_HAL_Driver/Inc -I../Drivers/STM32F1xx_HAL_Driver/Inc/Legacy -I../Drivers/CMSIS/Device/ST/STM32F1xx/Include -I../Drivers/CMSIS/Include -O0 -ffunction-sections -fdata-sections -Wall -fstack-usage -MMD -MP -MF"Core/Src/main.d" -MT"Core/Src/main.o" --specs=nano.specs -mfloat-abi=soft -mthumb -o "Core/Src/main.o"
arm-none-eabi-gcc -o "Avionic_Test_v1.0.elf" @"objects.list"   -mcpu=cortex-m3 -T"C:\Users\bakialmaci\Desktop\Projects\Arm-Cortex\Avionic_Test_v1.0\STM32F103C8TX_FLASH.ld" --specs=nosys.specs -Wl,-Map="Avionic_Test_v1.0.map" -Wl,--gc-sections -static --specs=nano.specs -mfloat-abi=soft -mthumb -u _scanf_float -Wl,--start-group -lc -lm -Wl,--end-group
Finished building target: Avionic_Test_v1.0.elf
 
arm-none-eabi-objdump -h -S  Avionic_Test_v1.0.elf  > "Avionic_Test_v1.0.list"
arm-none-eabi-objcopy  -O binary  Avionic_Test_v1.0.elf  "Avionic_Test_v1.0.bin"
arm-none-eabi-size   Avionic_Test_v1.0.elf 
   text	   data	    bss	    dec	    hex	filename
  51480	    492	   2300	  54272	   d400	Avionic_Test_v1.0.elf
Finished building: default.size.stdout
 
Finished building: Avionic_Test_v1.0.bin
 
Finished building: Avionic_Test_v1.0.list
 
22:15:22 **** Incremental Build of configuration Debug for project Avionic_Test_v1.0 ****
make -j8 all 
arm-none-eabi-gcc "../Core/Src/main.c" -mcpu=cortex-m3 -std=gnu11 -g3 -DDEBUG -DUSE_HAL_DRIVER -DSTM32F103xB -c -I../Core/Inc -I../Drivers/STM32F1xx_HAL_Driver/Inc -I../Drivers/STM32F1xx_HAL_Driver/Inc/Legacy -I../Drivers/CMSIS/Device/ST/STM32F1xx/Include -I../Drivers/CMSIS/Include -O0 -ffunction-sections -fdata-sections -Wall -fstack-usage -MMD -MP -MF"Core/Src/main.d" -MT"Core/Src/main.o" --specs=nano.specs -mfloat-abi=soft -mthumb -o "Core/Src/main.o"
arm-none-eabi-gcc -o "Avionic_Test_v1.0.elf" @"objects.list"   -mcpu=cortex-m3 -T"C:\Users\bakialmaci\Desktop\Projects\Arm-Cortex\Avionic_Test_v1.0\STM32F103C8TX_FLASH.ld" --specs=nosys.specs -Wl,-Map="Avionic_Test_v1.0.map" -Wl,--gc-sections -static --specs=nano.specs -mfloat-abi=soft -mthumb -u _scanf_float -Wl,--start-group -lc -lm -Wl,--end-group
Finished building target: Avionic_Test_v1.0.elf
 
arm-none-eabi-objdump -h -S  Avionic_Test_v1.0.elf  > "Avionic_Test_v1.0.list"
arm-none-eabi-objcopy  -O binary  Avionic_Test_v1.0.elf  "Avionic_Test_v1.0.bin"
arm-none-eabi-size   Avionic_Test_v1.0.elf 
   text	   data	    bss	    dec	    hex	filename
  51480	    492	   2300	  54272	   d400	Avionic_Test_v1.0.elf
Finished building: default.size.stdout
 
Finished building: Avionic_Test_v1.0.bin
 
Finished building: Avionic_Test_v1.0.list
 
22:19:46 **** Incremental Build of configuration Debug for project Avionic_Test_v1.0 ****
make -j8 all 
arm-none-eabi-gcc "../Core/Src/BMP.c" -mcpu=cortex-m3 -std=gnu11 -g3 -DDEBUG -DUSE_HAL_DRIVER -DSTM32F103xB -c -I../Core/Inc -I../Drivers/STM32F1xx_HAL_Driver/Inc -I../Drivers/STM32F1xx_HAL_Driver/Inc/Legacy -I../Drivers/CMSIS/Device/ST/STM32F1xx/Include -I../Drivers/CMSIS/Include -O0 -ffunction-sections -fdata-sections -Wall -fstack-usage -MMD -MP -MF"Core/Src/BMP.d" -MT"Core/Src/BMP.o" --specs=nano.specs -mfloat-abi=soft -mthumb -o "Core/Src/BMP.o"
arm-none-eabi-gcc "../Core/Src/GPS.c" -mcpu=cortex-m3 -std=gnu11 -g3 -DDEBUG -DUSE_HAL_DRIVER -DSTM32F103xB -c -I../Core/Inc -I../Drivers/STM32F1xx_HAL_Driver/Inc -I../Drivers/STM32F1xx_HAL_Driver/Inc/Legacy -I../Drivers/CMSIS/Device/ST/STM32F1xx/Include -I../Drivers/CMSIS/Include -O0 -ffunction-sections -fdata-sections -Wall -fstack-usage -MMD -MP -MF"Core/Src/GPS.d" -MT"Core/Src/GPS.o" --specs=nano.specs -mfloat-abi=soft -mthumb -o "Core/Src/GPS.o"
arm-none-eabi-gcc "../Core/Src/gpio.c" -mcpu=cortex-m3 -std=gnu11 -g3 -DDEBUG -DUSE_HAL_DRIVER -DSTM32F103xB -c -I../Core/Inc -I../Drivers/STM32F1xx_HAL_Driver/Inc -I../Drivers/STM32F1xx_HAL_Driver/Inc/Legacy -I../Drivers/CMSIS/Device/ST/STM32F1xx/Include -I../Drivers/CMSIS/Include -O0 -ffunction-sections -fdata-sections -Wall -fstack-usage -MMD -MP -MF"Core/Src/gpio.d" -MT"Core/Src/gpio.o" --specs=nano.specs -mfloat-abi=soft -mthumb -o "Core/Src/gpio.o"
arm-none-eabi-gcc "../Core/Src/i2c.c" -mcpu=cortex-m3 -std=gnu11 -g3 -DDEBUG -DUSE_HAL_DRIVER -DSTM32F103xB -c -I../Core/Inc -I../Drivers/STM32F1xx_HAL_Driver/Inc -I../Drivers/STM32F1xx_HAL_Driver/Inc/Legacy -I../Drivers/CMSIS/Device/ST/STM32F1xx/Include -I../Drivers/CMSIS/Include -O0 -ffunction-sections -fdata-sections -Wall -fstack-usage -MMD -MP -MF"Core/Src/i2c.d" -MT"Core/Src/i2c.o" --specs=nano.specs -mfloat-abi=soft -mthumb -o "Core/Src/i2c.o"
arm-none-eabi-gcc "../Core/Src/stm32f1xx_hal_msp.c" -mcpu=cortex-m3 -std=gnu11 -g3 -DDEBUG -DUSE_HAL_DRIVER -DSTM32F103xB -c -I../Core/Inc -I../Drivers/STM32F1xx_HAL_Driver/Inc -I../Drivers/STM32F1xx_HAL_Driver/Inc/Legacy -I../Drivers/CMSIS/Device/ST/STM32F1xx/Include -I../Drivers/CMSIS/Include -O0 -ffunction-sections -fdata-sections -Wall -fstack-usage -MMD -MP -MF"Core/Src/stm32f1xx_hal_msp.d" -MT"Core/Src/stm32f1xx_hal_msp.o" --specs=nano.specs -mfloat-abi=soft -mthumb -o "Core/Src/stm32f1xx_hal_msp.o"
arm-none-eabi-gcc "../Core/Src/stm32f1xx_it.c" -mcpu=cortex-m3 -std=gnu11 -g3 -DDEBUG -DUSE_HAL_DRIVER -DSTM32F103xB -c -I../Core/Inc -I../Drivers/STM32F1xx_HAL_Driver/Inc -I../Drivers/STM32F1xx_HAL_Driver/Inc/Legacy -I../Drivers/CMSIS/Device/ST/STM32F1xx/Include -I../Drivers/CMSIS/Include -O0 -ffunction-sections -fdata-sections -Wall -fstack-usage -MMD -MP -MF"Core/Src/stm32f1xx_it.d" -MT"Core/Src/stm32f1xx_it.o" --specs=nano.specs -mfloat-abi=soft -mthumb -o "Core/Src/stm32f1xx_it.o"
arm-none-eabi-gcc "../Core/Src/syscalls.c" -mcpu=cortex-m3 -std=gnu11 -g3 -DDEBUG -DUSE_HAL_DRIVER -DSTM32F103xB -c -I../Core/Inc -I../Drivers/STM32F1xx_HAL_Driver/Inc -I../Drivers/STM32F1xx_HAL_Driver/Inc/Legacy -I../Drivers/CMSIS/Device/ST/STM32F1xx/Include -I../Drivers/CMSIS/Include -O0 -ffunction-sections -fdata-sections -Wall -fstack-usage -MMD -MP -MF"Core/Src/syscalls.d" -MT"Core/Src/syscalls.o" --specs=nano.specs -mfloat-abi=soft -mthumb -o "Core/Src/syscalls.o"
arm-none-eabi-gcc "../Core/Src/sysmem.c" -mcpu=cortex-m3 -std=gnu11 -g3 -DDEBUG -DUSE_HAL_DRIVER -DSTM32F103xB -c -I../Core/Inc -I../Drivers/STM32F1xx_HAL_Driver/Inc -I../Drivers/STM32F1xx_HAL_Driver/Inc/Legacy -I../Drivers/CMSIS/Device/ST/STM32F1xx/Include -I../Drivers/CMSIS/Include -O0 -ffunction-sections -fdata-sections -Wall -fstack-usage -MMD -MP -MF"Core/Src/sysmem.d" -MT"Core/Src/sysmem.o" --specs=nano.specs -mfloat-abi=soft -mthumb -o "Core/Src/sysmem.o"
../Core/Src/GPS.c: In function 'GPS_Process':
../Core/Src/GPS.c:108:21: warning: assignment to 'char' from 'char *' makes integer from pointer without a cast [-Wint-conversion]
  108 |       GPS.GPGGA.N_S = strtok_f(NULL,',');
      |                     ^
../Core/Src/GPS.c:110:21: warning: assignment to 'char' from 'char *' makes integer from pointer without a cast [-Wint-conversion]
  110 |       GPS.GPGGA.E_W = strtok_f(NULL,',');
      |                     ^
arm-none-eabi-gcc "../Core/Src/system_stm32f1xx.c" -mcpu=cortex-m3 -std=gnu11 -g3 -DDEBUG -DUSE_HAL_DRIVER -DSTM32F103xB -c -I../Core/Inc -I../Drivers/STM32F1xx_HAL_Driver/Inc -I../Drivers/STM32F1xx_HAL_Driver/Inc/Legacy -I../Drivers/CMSIS/Device/ST/STM32F1xx/Include -I../Drivers/CMSIS/Include -O0 -ffunction-sections -fdata-sections -Wall -fstack-usage -MMD -MP -MF"Core/Src/system_stm32f1xx.d" -MT"Core/Src/system_stm32f1xx.o" --specs=nano.specs -mfloat-abi=soft -mthumb -o "Core/Src/system_stm32f1xx.o"
arm-none-eabi-gcc "../Core/Src/usart.c" -mcpu=cortex-m3 -std=gnu11 -g3 -DDEBUG -DUSE_HAL_DRIVER -DSTM32F103xB -c -I../Core/Inc -I../Drivers/STM32F1xx_HAL_Driver/Inc -I../Drivers/STM32F1xx_HAL_Driver/Inc/Legacy -I../Drivers/CMSIS/Device/ST/STM32F1xx/Include -I../Drivers/CMSIS/Include -O0 -ffunction-sections -fdata-sections -Wall -fstack-usage -MMD -MP -MF"Core/Src/usart.d" -MT"Core/Src/usart.o" --specs=nano.specs -mfloat-abi=soft -mthumb -o "Core/Src/usart.o"
arm-none-eabi-gcc "../Core/Src/MPU6050.c" -mcpu=cortex-m3 -std=gnu11 -g3 -DDEBUG -DUSE_HAL_DRIVER -DSTM32F103xB -c -I../Core/Inc -I../Drivers/STM32F1xx_HAL_Driver/Inc -I../Drivers/STM32F1xx_HAL_Driver/Inc/Legacy -I../Drivers/CMSIS/Device/ST/STM32F1xx/Include -I../Drivers/CMSIS/Include -O0 -ffunction-sections -fdata-sections -Wall -fstack-usage -MMD -MP -MF"Core/Src/MPU6050.d" -MT"Core/Src/MPU6050.o" --specs=nano.specs -mfloat-abi=soft -mthumb -o "Core/Src/MPU6050.o"
arm-none-eabi-gcc "../Core/Src/main.c" -mcpu=cortex-m3 -std=gnu11 -g3 -DDEBUG -DUSE_HAL_DRIVER -DSTM32F103xB -c -I../Core/Inc -I../Drivers/STM32F1xx_HAL_Driver/Inc -I../Drivers/STM32F1xx_HAL_Driver/Inc/Legacy -I../Drivers/CMSIS/Device/ST/STM32F1xx/Include -I../Drivers/CMSIS/Include -O0 -ffunction-sections -fdata-sections -Wall -fstack-usage -MMD -MP -MF"Core/Src/main.d" -MT"Core/Src/main.o" --specs=nano.specs -mfloat-abi=soft -mthumb -o "Core/Src/main.o"
../Core/Src/main.c: In function 'Check_Recovery':
../Core/Src/main.c:186:9: error: 'degrees_pitch' undeclared (first use in this function)
  186 |  if(abs(degrees_pitch) > 20.0 || abs(degrees_roll) > 20.0){
      |         ^~~~~~~~~~~~~
../Core/Src/main.c:186:9: note: each undeclared identifier is reported only once for each function it appears in
../Core/Src/main.c:186:38: error: 'degrees_roll' undeclared (first use in this function)
  186 |  if(abs(degrees_pitch) > 20.0 || abs(degrees_roll) > 20.0){
      |                                      ^~~~~~~~~~~~
make: *** [Core/Src/subdir.mk:62: Core/Src/main.o] Error 1
make: *** Waiting for unfinished jobs....
"make -j8 all" terminated with exit code 2. Build might be incomplete.
22:19:47 **** Incremental Build of configuration Debug for project BMP180 ****
make -j8 all 
arm-none-eabi-size   BMP180.elf 
   text	   data	    bss	    dec	    hex	filename
  25600	    124	   1740	  27464	   6b48	BMP180.elf
Finished building: default.size.stdout
 
22:19:48 **** Incremental Build of configuration Debug for project Blink ****
make -j8 all 
arm-none-eabi-size   Blink.elf 
   text	   data	    bss	    dec	    hex	filename
   4712	     20	   1572	   6304	   18a0	Blink.elf
Finished building: default.size.stdout
 
22:19:48 **** Incremental Build of configuration Debug for project GPS_TEST ****
make -j8 all 
arm-none-eabi-size   GPS_TEST.elf 
   text	   data	    bss	    dec	    hex	filename
  30880	    488	   2064	  33432	   8298	GPS_TEST.elf
Finished building: default.size.stdout
 
22:19:49 **** Incremental Build of configuration Debug for project GY-NEO6MV2 ****
make -j8 all 
arm-none-eabi-size   GY-NEO6MV2.elf 
   text	   data	    bss	    dec	    hex	filename
   7192	     20	   1908	   9120	   23a0	GY-NEO6MV2.elf
Finished building: default.size.stdout
 
22:19:49 **** Incremental Build of configuration Debug for project MPU6050 ****
make -j8 all 
arm-none-eabi-size   MPU6050.elf 
   text	   data	    bss	    dec	    hex	filename
  27336	    124	   1860	  29320	   7288	MPU6050.elf
Finished building: default.size.stdout
 
22:20:33 **** Incremental Build of configuration Debug for project Avionic_Test_v1.0 ****
make -j8 all 
arm-none-eabi-gcc "../Core/Src/MPU6050.c" -mcpu=cortex-m3 -std=gnu11 -g3 -DDEBUG -DUSE_HAL_DRIVER -DSTM32F103xB -c -I../Core/Inc -I../Drivers/STM32F1xx_HAL_Driver/Inc -I../Drivers/STM32F1xx_HAL_Driver/Inc/Legacy -I../Drivers/CMSIS/Device/ST/STM32F1xx/Include -I../Drivers/CMSIS/Include -O0 -ffunction-sections -fdata-sections -Wall -fstack-usage -MMD -MP -MF"Core/Src/MPU6050.d" -MT"Core/Src/MPU6050.o" --specs=nano.specs -mfloat-abi=soft -mthumb -o "Core/Src/MPU6050.o"
arm-none-eabi-gcc "../Core/Src/main.c" -mcpu=cortex-m3 -std=gnu11 -g3 -DDEBUG -DUSE_HAL_DRIVER -DSTM32F103xB -c -I../Core/Inc -I../Drivers/STM32F1xx_HAL_Driver/Inc -I../Drivers/STM32F1xx_HAL_Driver/Inc/Legacy -I../Drivers/CMSIS/Device/ST/STM32F1xx/Include -I../Drivers/CMSIS/Include -O0 -ffunction-sections -fdata-sections -Wall -fstack-usage -MMD -MP -MF"Core/Src/main.d" -MT"Core/Src/main.o" --specs=nano.specs -mfloat-abi=soft -mthumb -o "Core/Src/main.o"
../Core/Src/MPU6050.c:19:14: warning: 'degrees_pitch' initialized and declared 'extern'
   19 | extern float degrees_pitch = 0, degrees_roll = 0;
      |              ^~~~~~~~~~~~~
../Core/Src/MPU6050.c:19:33: warning: 'degrees_roll' initialized and declared 'extern'
   19 | extern float degrees_pitch = 0, degrees_roll = 0;
      |                                 ^~~~~~~~~~~~
../Core/Src/main.c: In function 'Check_Recovery':
../Core/Src/main.c:186:9: error: 'degrees_pitch' undeclared (first use in this function)
  186 |  if(abs(degrees_pitch) > 20.0 || abs(degrees_roll) > 20.0){
      |         ^~~~~~~~~~~~~
../Core/Src/main.c:186:9: note: each undeclared identifier is reported only once for each function it appears in
../Core/Src/main.c:186:38: error: 'degrees_roll' undeclared (first use in this function)
  186 |  if(abs(degrees_pitch) > 20.0 || abs(degrees_roll) > 20.0){
      |                                      ^~~~~~~~~~~~
make: *** [Core/Src/subdir.mk:62: Core/Src/main.o] Error 1
make: *** Waiting for unfinished jobs....
"make -j8 all" terminated with exit code 2. Build might be incomplete.
22:20:34 **** Incremental Build of configuration Debug for project BMP180 ****
make -j8 all 
arm-none-eabi-size   BMP180.elf 
   text	   data	    bss	    dec	    hex	filename
  25600	    124	   1740	  27464	   6b48	BMP180.elf
Finished building: default.size.stdout
 
22:20:34 **** Incremental Build of configuration Debug for project Blink ****
make -j8 all 
arm-none-eabi-size   Blink.elf 
   text	   data	    bss	    dec	    hex	filename
   4712	     20	   1572	   6304	   18a0	Blink.elf
Finished building: default.size.stdout
 
22:20:35 **** Incremental Build of configuration Debug for project GPS_TEST ****
make -j8 all 
arm-none-eabi-size   GPS_TEST.elf 
   text	   data	    bss	    dec	    hex	filename
  30880	    488	   2064	  33432	   8298	GPS_TEST.elf
Finished building: default.size.stdout
 
22:20:35 **** Incremental Build of configuration Debug for project GY-NEO6MV2 ****
make -j8 all 
arm-none-eabi-size   GY-NEO6MV2.elf 
   text	   data	    bss	    dec	    hex	filename
   7192	     20	   1908	   9120	   23a0	GY-NEO6MV2.elf
Finished building: default.size.stdout
 
22:20:36 **** Incremental Build of configuration Debug for project MPU6050 ****
make -j8 all 
arm-none-eabi-size   MPU6050.elf 
   text	   data	    bss	    dec	    hex	filename
  27336	    124	   1860	  29320	   7288	MPU6050.elf
Finished building: default.size.stdout
 
22:24:50 **** Incremental Build of configuration Debug for project Avionic_Test_v1.0 ****
make -j8 all 
arm-none-eabi-gcc "../Core/Src/MPU6050.c" -mcpu=cortex-m3 -std=gnu11 -g3 -DDEBUG -DUSE_HAL_DRIVER -DSTM32F103xB -c -I../Core/Inc -I../Drivers/STM32F1xx_HAL_Driver/Inc -I../Drivers/STM32F1xx_HAL_Driver/Inc/Legacy -I../Drivers/CMSIS/Device/ST/STM32F1xx/Include -I../Drivers/CMSIS/Include -O0 -ffunction-sections -fdata-sections -Wall -fstack-usage -MMD -MP -MF"Core/Src/MPU6050.d" -MT"Core/Src/MPU6050.o" --specs=nano.specs -mfloat-abi=soft -mthumb -o "Core/Src/MPU6050.o"
arm-none-eabi-gcc "../Core/Src/main.c" -mcpu=cortex-m3 -std=gnu11 -g3 -DDEBUG -DUSE_HAL_DRIVER -DSTM32F103xB -c -I../Core/Inc -I../Drivers/STM32F1xx_HAL_Driver/Inc -I../Drivers/STM32F1xx_HAL_Driver/Inc/Legacy -I../Drivers/CMSIS/Device/ST/STM32F1xx/Include -I../Drivers/CMSIS/Include -O0 -ffunction-sections -fdata-sections -Wall -fstack-usage -MMD -MP -MF"Core/Src/main.d" -MT"Core/Src/main.o" --specs=nano.specs -mfloat-abi=soft -mthumb -o "Core/Src/main.o"
In file included from ../Core/Src/MPU6050.c:1:
../Core/Src/MPU6050.h:6:14: warning: 'degrees_pitch' initialized and declared 'extern'
    6 | extern float degrees_pitch = 0, degrees_roll = 0;
      |              ^~~~~~~~~~~~~
../Core/Src/MPU6050.h:6:33: warning: 'degrees_roll' initialized and declared 'extern'
    6 | extern float degrees_pitch = 0, degrees_roll = 0;
      |                                 ^~~~~~~~~~~~
../Core/Src/MPU6050.c:19:7: error: redefinition of 'degrees_pitch'
   19 | float degrees_pitch = 0, degrees_roll = 0;
      |       ^~~~~~~~~~~~~
In file included from ../Core/Src/MPU6050.c:1:
../Core/Src/MPU6050.h:6:14: note: previous definition of 'degrees_pitch' was here
    6 | extern float degrees_pitch = 0, degrees_roll = 0;
      |              ^~~~~~~~~~~~~
../Core/Src/MPU6050.c:19:26: error: redefinition of 'degrees_roll'
   19 | float degrees_pitch = 0, degrees_roll = 0;
      |                          ^~~~~~~~~~~~
In file included from ../Core/Src/MPU6050.c:1:
../Core/Src/MPU6050.h:6:33: note: previous definition of 'degrees_roll' was here
    6 | extern float degrees_pitch = 0, degrees_roll = 0;
      |                                 ^~~~~~~~~~~~
make: *** [Core/Src/subdir.mk:56: Core/Src/MPU6050.o] Error 1
make: *** Waiting for unfinished jobs....
In file included from ../Core/Src/main.c:31:
../Core/Src/MPU6050.h:6:14: warning: 'degrees_pitch' initialized and declared 'extern'
    6 | extern float degrees_pitch = 0, degrees_roll = 0;
      |              ^~~~~~~~~~~~~
../Core/Src/MPU6050.h:6:33: warning: 'degrees_roll' initialized and declared 'extern'
    6 | extern float degrees_pitch = 0, degrees_roll = 0;
      |                                 ^~~~~~~~~~~~
"make -j8 all" terminated with exit code 2. Build might be incomplete.
22:24:51 **** Incremental Build of configuration Debug for project BMP180 ****
make -j8 all 
arm-none-eabi-size   BMP180.elf 
   text	   data	    bss	    dec	    hex	filename
  25600	    124	   1740	  27464	   6b48	BMP180.elf
Finished building: default.size.stdout
 
22:24:51 **** Incremental Build of configuration Debug for project Blink ****
make -j8 all 
arm-none-eabi-size   Blink.elf 
   text	   data	    bss	    dec	    hex	filename
   4712	     20	   1572	   6304	   18a0	Blink.elf
Finished building: default.size.stdout
 
22:24:52 **** Incremental Build of configuration Debug for project GPS_TEST ****
make -j8 all 
arm-none-eabi-size   GPS_TEST.elf 
   text	   data	    bss	    dec	    hex	filename
  30880	    488	   2064	  33432	   8298	GPS_TEST.elf
Finished building: default.size.stdout
 
22:24:52 **** Incremental Build of configuration Debug for project GY-NEO6MV2 ****
make -j8 all 
arm-none-eabi-size   GY-NEO6MV2.elf 
   text	   data	    bss	    dec	    hex	filename
   7192	     20	   1908	   9120	   23a0	GY-NEO6MV2.elf
Finished building: default.size.stdout
 
22:24:53 **** Incremental Build of configuration Debug for project MPU6050 ****
make -j8 all 
arm-none-eabi-size   MPU6050.elf 
   text	   data	    bss	    dec	    hex	filename
  27336	    124	   1860	  29320	   7288	MPU6050.elf
Finished building: default.size.stdout
 
22:25:09 **** Incremental Build of configuration Debug for project Avionic_Test_v1.0 ****
make -j8 all 
arm-none-eabi-gcc "../Core/Src/MPU6050.c" -mcpu=cortex-m3 -std=gnu11 -g3 -DDEBUG -DUSE_HAL_DRIVER -DSTM32F103xB -c -I../Core/Inc -I../Drivers/STM32F1xx_HAL_Driver/Inc -I../Drivers/STM32F1xx_HAL_Driver/Inc/Legacy -I../Drivers/CMSIS/Device/ST/STM32F1xx/Include -I../Drivers/CMSIS/Include -O0 -ffunction-sections -fdata-sections -Wall -fstack-usage -MMD -MP -MF"Core/Src/MPU6050.d" -MT"Core/Src/MPU6050.o" --specs=nano.specs -mfloat-abi=soft -mthumb -o "Core/Src/MPU6050.o"
In file included from ../Core/Src/MPU6050.c:1:
../Core/Src/MPU6050.h:6:14: warning: 'degrees_pitch' initialized and declared 'extern'
    6 | extern float degrees_pitch = 0, degrees_roll = 0;
      |              ^~~~~~~~~~~~~
../Core/Src/MPU6050.h:6:33: warning: 'degrees_roll' initialized and declared 'extern'
    6 | extern float degrees_pitch = 0, degrees_roll = 0;
      |                                 ^~~~~~~~~~~~
../Core/Src/MPU6050.c:19:1: warning: data definition has no type or storage class
   19 | degrees_pitch = 0, degrees_roll = 0;
      | ^~~~~~~~~~~~~
../Core/Src/MPU6050.c:19:1: warning: type defaults to 'int' in declaration of 'degrees_pitch' [-Wimplicit-int]
../Core/Src/MPU6050.c:19:1: error: conflicting types for 'degrees_pitch'
In file included from ../Core/Src/MPU6050.c:1:
../Core/Src/MPU6050.h:6:14: note: previous definition of 'degrees_pitch' was here
    6 | extern float degrees_pitch = 0, degrees_roll = 0;
      |              ^~~~~~~~~~~~~
../Core/Src/MPU6050.c:19:20: warning: type defaults to 'int' in declaration of 'degrees_roll' [-Wimplicit-int]
   19 | degrees_pitch = 0, degrees_roll = 0;
      |                    ^~~~~~~~~~~~
../Core/Src/MPU6050.c:19:20: error: conflicting types for 'degrees_roll'
In file included from ../Core/Src/MPU6050.c:1:
../Core/Src/MPU6050.h:6:33: note: previous definition of 'degrees_roll' was here
    6 | extern float degrees_pitch = 0, degrees_roll = 0;
      |                                 ^~~~~~~~~~~~
make: *** [Core/Src/subdir.mk:56: Core/Src/MPU6050.o] Error 1
"make -j8 all" terminated with exit code 2. Build might be incomplete.
22:25:32 **** Incremental Build of configuration Debug for project Avionic_Test_v1.0 ****
make -j8 all 
arm-none-eabi-gcc "../Core/Src/MPU6050.c" -mcpu=cortex-m3 -std=gnu11 -g3 -DDEBUG -DUSE_HAL_DRIVER -DSTM32F103xB -c -I../Core/Inc -I../Drivers/STM32F1xx_HAL_Driver/Inc -I../Drivers/STM32F1xx_HAL_Driver/Inc/Legacy -I../Drivers/CMSIS/Device/ST/STM32F1xx/Include -I../Drivers/CMSIS/Include -O0 -ffunction-sections -fdata-sections -Wall -fstack-usage -MMD -MP -MF"Core/Src/MPU6050.d" -MT"Core/Src/MPU6050.o" --specs=nano.specs -mfloat-abi=soft -mthumb -o "Core/Src/MPU6050.o"
In file included from ../Core/Src/MPU6050.c:1:
../Core/Src/MPU6050.h:6:14: warning: 'degrees_pitch' initialized and declared 'extern'
    6 | extern float degrees_pitch = 0, degrees_roll = 0;
      |              ^~~~~~~~~~~~~
../Core/Src/MPU6050.h:6:33: warning: 'degrees_roll' initialized and declared 'extern'
    6 | extern float degrees_pitch = 0, degrees_roll = 0;
      |                                 ^~~~~~~~~~~~
../Core/Src/MPU6050.c:19:1: warning: data definition has no type or storage class
   19 | degrees_pitch = 0;
      | ^~~~~~~~~~~~~
../Core/Src/MPU6050.c:19:1: warning: type defaults to 'int' in declaration of 'degrees_pitch' [-Wimplicit-int]
../Core/Src/MPU6050.c:19:1: error: conflicting types for 'degrees_pitch'
In file included from ../Core/Src/MPU6050.c:1:
../Core/Src/MPU6050.h:6:14: note: previous definition of 'degrees_pitch' was here
    6 | extern float degrees_pitch = 0, degrees_roll = 0;
      |              ^~~~~~~~~~~~~
../Core/Src/MPU6050.c:20:1: warning: data definition has no type or storage class
   20 | degrees_roll = 0;
      | ^~~~~~~~~~~~
../Core/Src/MPU6050.c:20:1: warning: type defaults to 'int' in declaration of 'degrees_roll' [-Wimplicit-int]
../Core/Src/MPU6050.c:20:1: error: conflicting types for 'degrees_roll'
In file included from ../Core/Src/MPU6050.c:1:
../Core/Src/MPU6050.h:6:33: note: previous definition of 'degrees_roll' was here
    6 | extern float degrees_pitch = 0, degrees_roll = 0;
      |                                 ^~~~~~~~~~~~
make: *** [Core/Src/subdir.mk:56: Core/Src/MPU6050.o] Error 1
"make -j8 all" terminated with exit code 2. Build might be incomplete.
22:32:09 **** Incremental Build of configuration Debug for project Avionic_Test_v1.0 ****
make -j8 all 
arm-none-eabi-gcc "../Core/Src/MPU6050.c" -mcpu=cortex-m3 -std=gnu11 -g3 -DDEBUG -DUSE_HAL_DRIVER -DSTM32F103xB -c -I../Core/Inc -I../Drivers/STM32F1xx_HAL_Driver/Inc -I../Drivers/STM32F1xx_HAL_Driver/Inc/Legacy -I../Drivers/CMSIS/Device/ST/STM32F1xx/Include -I../Drivers/CMSIS/Include -O0 -ffunction-sections -fdata-sections -Wall -fstack-usage -MMD -MP -MF"Core/Src/MPU6050.d" -MT"Core/Src/MPU6050.o" --specs=nano.specs -mfloat-abi=soft -mthumb -o "Core/Src/MPU6050.o"
arm-none-eabi-gcc "../Core/Src/main.c" -mcpu=cortex-m3 -std=gnu11 -g3 -DDEBUG -DUSE_HAL_DRIVER -DSTM32F103xB -c -I../Core/Inc -I../Drivers/STM32F1xx_HAL_Driver/Inc -I../Drivers/STM32F1xx_HAL_Driver/Inc/Legacy -I../Drivers/CMSIS/Device/ST/STM32F1xx/Include -I../Drivers/CMSIS/Include -O0 -ffunction-sections -fdata-sections -Wall -fstack-usage -MMD -MP -MF"Core/Src/main.d" -MT"Core/Src/main.o" --specs=nano.specs -mfloat-abi=soft -mthumb -o "Core/Src/main.o"
../Core/Src/main.c:42:6: error: conflicting types for 'MPU_Process'
   42 | void MPU_Process(void);
      |      ^~~~~~~~~~~
In file included from ../Core/Src/main.c:31:
../Core/Src/MPU6050.h:6:7: note: previous declaration of 'MPU_Process' was here
    6 | float MPU_Process(void);
      |       ^~~~~~~~~~~
../Core/Src/main.c: In function 'Check_Recovery':
../Core/Src/main.c:186:9: error: invalid use of void expression
  186 |  if(abs(MPU_Process()) >= 40){
      |         ^~~~~~~~~~~~~
make: *** [Core/Src/subdir.mk:62: Core/Src/main.o] Error 1
make: *** Waiting for unfinished jobs....
"make -j8 all" terminated with exit code 2. Build might be incomplete.
22:33:10 **** Incremental Build of configuration Debug for project Avionic_Test_v1.0 ****
make -j8 all 
arm-none-eabi-gcc "../Core/Src/main.c" -mcpu=cortex-m3 -std=gnu11 -g3 -DDEBUG -DUSE_HAL_DRIVER -DSTM32F103xB -c -I../Core/Inc -I../Drivers/STM32F1xx_HAL_Driver/Inc -I../Drivers/STM32F1xx_HAL_Driver/Inc/Legacy -I../Drivers/CMSIS/Device/ST/STM32F1xx/Include -I../Drivers/CMSIS/Include -O0 -ffunction-sections -fdata-sections -Wall -fstack-usage -MMD -MP -MF"Core/Src/main.d" -MT"Core/Src/main.o" --specs=nano.specs -mfloat-abi=soft -mthumb -o "Core/Src/main.o"
../Core/Src/main.c:42:6: error: conflicting types for 'MPU_Process'
   42 | void MPU_Process(void);
      |      ^~~~~~~~~~~
In file included from ../Core/Src/main.c:31:
../Core/Src/MPU6050.h:6:7: note: previous declaration of 'MPU_Process' was here
    6 | float MPU_Process(void);
      |       ^~~~~~~~~~~
../Core/Src/main.c: In function 'Check_Recovery':
../Core/Src/main.c:186:21: error: expected expression before 'void'
  186 |  if(abs(MPU_Process(void)) >= 40){
      |                     ^~~~
../Core/Src/main.c:186:9: error: too many arguments to function 'MPU_Process'
  186 |  if(abs(MPU_Process(void)) >= 40){
      |         ^~~~~~~~~~~
../Core/Src/main.c:42:6: note: declared here
   42 | void MPU_Process(void);
      |      ^~~~~~~~~~~
../Core/Src/main.c:186:9: error: invalid use of void expression
  186 |  if(abs(MPU_Process(void)) >= 40){
      |         ^~~~~~~~~~~~~~~~~
make: *** [Core/Src/subdir.mk:62: Core/Src/main.o] Error 1
"make -j8 all" terminated with exit code 2. Build might be incomplete.
22:33:55 **** Incremental Build of configuration Debug for project Avionic_Test_v1.0 ****
make -j8 all 
arm-none-eabi-gcc "../Core/Src/MPU6050.c" -mcpu=cortex-m3 -std=gnu11 -g3 -DDEBUG -DUSE_HAL_DRIVER -DSTM32F103xB -c -I../Core/Inc -I../Drivers/STM32F1xx_HAL_Driver/Inc -I../Drivers/STM32F1xx_HAL_Driver/Inc/Legacy -I../Drivers/CMSIS/Device/ST/STM32F1xx/Include -I../Drivers/CMSIS/Include -O0 -ffunction-sections -fdata-sections -Wall -fstack-usage -MMD -MP -MF"Core/Src/MPU6050.d" -MT"Core/Src/MPU6050.o" --specs=nano.specs -mfloat-abi=soft -mthumb -o "Core/Src/MPU6050.o"
arm-none-eabi-gcc "../Core/Src/main.c" -mcpu=cortex-m3 -std=gnu11 -g3 -DDEBUG -DUSE_HAL_DRIVER -DSTM32F103xB -c -I../Core/Inc -I../Drivers/STM32F1xx_HAL_Driver/Inc -I../Drivers/STM32F1xx_HAL_Driver/Inc/Legacy -I../Drivers/CMSIS/Device/ST/STM32F1xx/Include -I../Drivers/CMSIS/Include -O0 -ffunction-sections -fdata-sections -Wall -fstack-usage -MMD -MP -MF"Core/Src/main.d" -MT"Core/Src/main.o" --specs=nano.specs -mfloat-abi=soft -mthumb -o "Core/Src/main.o"
../Core/Src/main.c:42:6: error: conflicting types for 'MPU_Process'
   42 | void MPU_Process(void);
      |      ^~~~~~~~~~~
In file included from ../Core/Src/main.c:31:
../Core/Src/MPU6050.h:6:7: note: previous declaration of 'MPU_Process' was here
    6 | float MPU_Process();
      |       ^~~~~~~~~~~
../Core/Src/main.c: In function 'Check_Recovery':
../Core/Src/main.c:186:9: error: invalid use of void expression
  186 |  if(abs(MPU_Process()) >= 40){
      |         ^~~~~~~~~~~~~
make: *** [Core/Src/subdir.mk:62: Core/Src/main.o] Error 1
make: *** Waiting for unfinished jobs....
"make -j8 all" terminated with exit code 2. Build might be incomplete.
22:34:11 **** Incremental Build of configuration Debug for project Avionic_Test_v1.0 ****
make -j8 all 
arm-none-eabi-gcc "../Core/Src/main.c" -mcpu=cortex-m3 -std=gnu11 -g3 -DDEBUG -DUSE_HAL_DRIVER -DSTM32F103xB -c -I../Core/Inc -I../Drivers/STM32F1xx_HAL_Driver/Inc -I../Drivers/STM32F1xx_HAL_Driver/Inc/Legacy -I../Drivers/CMSIS/Device/ST/STM32F1xx/Include -I../Drivers/CMSIS/Include -O0 -ffunction-sections -fdata-sections -Wall -fstack-usage -MMD -MP -MF"Core/Src/main.d" -MT"Core/Src/main.o" --specs=nano.specs -mfloat-abi=soft -mthumb -o "Core/Src/main.o"
../Core/Src/main.c:42:6: error: conflicting types for 'MPU_Process'
   42 | void MPU_Process(void);
      |      ^~~~~~~~~~~
In file included from ../Core/Src/main.c:31:
../Core/Src/MPU6050.h:6:7: note: previous declaration of 'MPU_Process' was here
    6 | float MPU_Process();
      |       ^~~~~~~~~~~
../Core/Src/main.c: In function 'Check_Recovery':
../Core/Src/main.c:186:9: error: invalid use of void expression
  186 |  if(abs(MPU_Process()) >= 40){
      |         ^~~~~~~~~~~~~
make: *** [Core/Src/subdir.mk:62: Core/Src/main.o] Error 1
"make -j8 all" terminated with exit code 2. Build might be incomplete.
22:35:00 **** Incremental Build of configuration Debug for project Avionic_Test_v1.0 ****
make -j8 all 
arm-none-eabi-gcc "../Core/Src/MPU6050.c" -mcpu=cortex-m3 -std=gnu11 -g3 -DDEBUG -DUSE_HAL_DRIVER -DSTM32F103xB -c -I../Core/Inc -I../Drivers/STM32F1xx_HAL_Driver/Inc -I../Drivers/STM32F1xx_HAL_Driver/Inc/Legacy -I../Drivers/CMSIS/Device/ST/STM32F1xx/Include -I../Drivers/CMSIS/Include -O0 -ffunction-sections -fdata-sections -Wall -fstack-usage -MMD -MP -MF"Core/Src/MPU6050.d" -MT"Core/Src/MPU6050.o" --specs=nano.specs -mfloat-abi=soft -mthumb -o "Core/Src/MPU6050.o"
arm-none-eabi-gcc "../Core/Src/main.c" -mcpu=cortex-m3 -std=gnu11 -g3 -DDEBUG -DUSE_HAL_DRIVER -DSTM32F103xB -c -I../Core/Inc -I../Drivers/STM32F1xx_HAL_Driver/Inc -I../Drivers/STM32F1xx_HAL_Driver/Inc/Legacy -I../Drivers/CMSIS/Device/ST/STM32F1xx/Include -I../Drivers/CMSIS/Include -O0 -ffunction-sections -fdata-sections -Wall -fstack-usage -MMD -MP -MF"Core/Src/main.d" -MT"Core/Src/main.o" --specs=nano.specs -mfloat-abi=soft -mthumb -o "Core/Src/main.o"
../Core/Src/MPU6050.c:19:14: warning: 'degrees_pitch' initialized and declared 'extern'
   19 | extern float degrees_pitch = 0, degrees_roll = 0;
      |              ^~~~~~~~~~~~~
../Core/Src/MPU6050.c:19:33: warning: 'degrees_roll' initialized and declared 'extern'
   19 | extern float degrees_pitch = 0, degrees_roll = 0;
      |                                 ^~~~~~~~~~~~
../Core/Src/main.c: In function 'Check_Recovery':
../Core/Src/main.c:186:9: error: 'degrees_pitch' undeclared (first use in this function)
  186 |  if(abs(degrees_pitch) > 20.0 || abs(degrees_roll) > 20.0){
      |         ^~~~~~~~~~~~~
../Core/Src/main.c:186:9: note: each undeclared identifier is reported only once for each function it appears in
../Core/Src/main.c:186:38: error: 'degrees_roll' undeclared (first use in this function)
  186 |  if(abs(degrees_pitch) > 20.0 || abs(degrees_roll) > 20.0){
      |                                      ^~~~~~~~~~~~
make: *** [Core/Src/subdir.mk:62: Core/Src/main.o] Error 1
make: *** Waiting for unfinished jobs....
"make -j8 all" terminated with exit code 2. Build might be incomplete.
22:35:33 **** Incremental Build of configuration Debug for project Avionic_Test_v1.0 ****
make -j8 all 
arm-none-eabi-gcc "../Core/Src/MPU6050.c" -mcpu=cortex-m3 -std=gnu11 -g3 -DDEBUG -DUSE_HAL_DRIVER -DSTM32F103xB -c -I../Core/Inc -I../Drivers/STM32F1xx_HAL_Driver/Inc -I../Drivers/STM32F1xx_HAL_Driver/Inc/Legacy -I../Drivers/CMSIS/Device/ST/STM32F1xx/Include -I../Drivers/CMSIS/Include -O0 -ffunction-sections -fdata-sections -Wall -fstack-usage -MMD -MP -MF"Core/Src/MPU6050.d" -MT"Core/Src/MPU6050.o" --specs=nano.specs -mfloat-abi=soft -mthumb -o "Core/Src/MPU6050.o"
arm-none-eabi-gcc "../Core/Src/main.c" -mcpu=cortex-m3 -std=gnu11 -g3 -DDEBUG -DUSE_HAL_DRIVER -DSTM32F103xB -c -I../Core/Inc -I../Drivers/STM32F1xx_HAL_Driver/Inc -I../Drivers/STM32F1xx_HAL_Driver/Inc/Legacy -I../Drivers/CMSIS/Device/ST/STM32F1xx/Include -I../Drivers/CMSIS/Include -O0 -ffunction-sections -fdata-sections -Wall -fstack-usage -MMD -MP -MF"Core/Src/main.d" -MT"Core/Src/main.o" --specs=nano.specs -mfloat-abi=soft -mthumb -o "Core/Src/main.o"
In file included from ../Core/Src/MPU6050.c:1:
../Core/Src/MPU6050.h:6:14: warning: 'degrees_pitch' initialized and declared 'extern'
    6 | extern float degrees_pitch = 0, degrees_roll = 0;
      |              ^~~~~~~~~~~~~
../Core/Src/MPU6050.h:6:33: warning: 'degrees_roll' initialized and declared 'extern'
    6 | extern float degrees_pitch = 0, degrees_roll = 0;
      |                                 ^~~~~~~~~~~~
In file included from ../Core/Src/main.c:31:
../Core/Src/MPU6050.h:6:14: warning: 'degrees_pitch' initialized and declared 'extern'
    6 | extern float degrees_pitch = 0, degrees_roll = 0;
      |              ^~~~~~~~~~~~~
../Core/Src/MPU6050.h:6:33: warning: 'degrees_roll' initialized and declared 'extern'
    6 | extern float degrees_pitch = 0, degrees_roll = 0;
      |                                 ^~~~~~~~~~~~
arm-none-eabi-gcc -o "Avionic_Test_v1.0.elf" @"objects.list"   -mcpu=cortex-m3 -T"C:\Users\bakialmaci\Desktop\Projects\Arm-Cortex\Avionic_Test_v1.0\STM32F103C8TX_FLASH.ld" --specs=nosys.specs -Wl,-Map="Avionic_Test_v1.0.map" -Wl,--gc-sections -static --specs=nano.specs -mfloat-abi=soft -mthumb -u _scanf_float -Wl,--start-group -lc -lm -Wl,--end-group
c:\st\stm32cubeide_1.6.1\stm32cubeide\plugins\com.st.stm32cube.ide.mcu.externaltools.gnu-tools-for-stm32.9-2020-q2-update.win32_1.5.0.202011040924\tools\arm-none-eabi\bin\ld.exe: Core/Src/main.o:C:/Users/bakialmaci/Desktop/Projects/Arm-Cortex/Avionic_Test_v1.0/Debug/../Core/Src/MPU6050.h:6: multiple definition of `degrees_pitch'; Core/Src/MPU6050.o:C:/Users/bakialmaci/Desktop/Projects/Arm-Cortex/Avionic_Test_v1.0/Debug/../Core/Src/MPU6050.h:6: first defined here
c:\st\stm32cubeide_1.6.1\stm32cubeide\plugins\com.st.stm32cube.ide.mcu.externaltools.gnu-tools-for-stm32.9-2020-q2-update.win32_1.5.0.202011040924\tools\arm-none-eabi\bin\ld.exe: Core/Src/main.o:C:/Users/bakialmaci/Desktop/Projects/Arm-Cortex/Avionic_Test_v1.0/Debug/../Core/Src/MPU6050.h:6: multiple definition of `degrees_roll'; Core/Src/MPU6050.o:C:/Users/bakialmaci/Desktop/Projects/Arm-Cortex/Avionic_Test_v1.0/Debug/../Core/Src/MPU6050.h:6: first defined here
collect2.exe: error: ld returned 1 exit status
make: *** [makefile:65: Avionic_Test_v1.0.elf] Error 1
"make -j8 all" terminated with exit code 2. Build might be incomplete.
22:35:59 **** Incremental Build of configuration Debug for project Avionic_Test_v1.0 ****
make -j8 all 
arm-none-eabi-gcc "../Core/Src/MPU6050.c" -mcpu=cortex-m3 -std=gnu11 -g3 -DDEBUG -DUSE_HAL_DRIVER -DSTM32F103xB -c -I../Core/Inc -I../Drivers/STM32F1xx_HAL_Driver/Inc -I../Drivers/STM32F1xx_HAL_Driver/Inc/Legacy -I../Drivers/CMSIS/Device/ST/STM32F1xx/Include -I../Drivers/CMSIS/Include -O0 -ffunction-sections -fdata-sections -Wall -fstack-usage -MMD -MP -MF"Core/Src/MPU6050.d" -MT"Core/Src/MPU6050.o" --specs=nano.specs -mfloat-abi=soft -mthumb -o "Core/Src/MPU6050.o"
arm-none-eabi-gcc "../Core/Src/main.c" -mcpu=cortex-m3 -std=gnu11 -g3 -DDEBUG -DUSE_HAL_DRIVER -DSTM32F103xB -c -I../Core/Inc -I../Drivers/STM32F1xx_HAL_Driver/Inc -I../Drivers/STM32F1xx_HAL_Driver/Inc/Legacy -I../Drivers/CMSIS/Device/ST/STM32F1xx/Include -I../Drivers/CMSIS/Include -O0 -ffunction-sections -fdata-sections -Wall -fstack-usage -MMD -MP -MF"Core/Src/main.d" -MT"Core/Src/main.o" --specs=nano.specs -mfloat-abi=soft -mthumb -o "Core/Src/main.o"
arm-none-eabi-gcc -o "Avionic_Test_v1.0.elf" @"objects.list"   -mcpu=cortex-m3 -T"C:\Users\bakialmaci\Desktop\Projects\Arm-Cortex\Avionic_Test_v1.0\STM32F103C8TX_FLASH.ld" --specs=nosys.specs -Wl,-Map="Avionic_Test_v1.0.map" -Wl,--gc-sections -static --specs=nano.specs -mfloat-abi=soft -mthumb -u _scanf_float -Wl,--start-group -lc -lm -Wl,--end-group
c:\st\stm32cubeide_1.6.1\stm32cubeide\plugins\com.st.stm32cube.ide.mcu.externaltools.gnu-tools-for-stm32.9-2020-q2-update.win32_1.5.0.202011040924\tools\arm-none-eabi\bin\ld.exe: Core/Src/MPU6050.o: in function `MPU_Process':
C:/Users/bakialmaci/Desktop/Projects/Arm-Cortex/Avionic_Test_v1.0/Debug/../Core/Src/MPU6050.c:37: undefined reference to `degrees_pitch'
c:\st\stm32cubeide_1.6.1\stm32cubeide\plugins\com.st.stm32cube.ide.mcu.externaltools.gnu-tools-for-stm32.9-2020-q2-update.win32_1.5.0.202011040924\tools\arm-none-eabi\bin\ld.exe: C:/Users/bakialmaci/Desktop/Projects/Arm-Cortex/Avionic_Test_v1.0/Debug/../Core/Src/MPU6050.c:37: undefined reference to `degrees_roll'
c:\st\stm32cubeide_1.6.1\stm32cubeide\plugins\com.st.stm32cube.ide.mcu.externaltools.gnu-tools-for-stm32.9-2020-q2-update.win32_1.5.0.202011040924\tools\arm-none-eabi\bin\ld.exe: C:/Users/bakialmaci/Desktop/Projects/Arm-Cortex/Avionic_Test_v1.0/Debug/../Core/Src/MPU6050.c:38: undefined reference to `degrees_roll'
c:\st\stm32cubeide_1.6.1\stm32cubeide\plugins\com.st.stm32cube.ide.mcu.externaltools.gnu-tools-for-stm32.9-2020-q2-update.win32_1.5.0.202011040924\tools\arm-none-eabi\bin\ld.exe: Core/Src/main.o: in function `Check_Recovery':
C:/Users/bakialmaci/Desktop/Projects/Arm-Cortex/Avionic_Test_v1.0/Debug/../Core/Src/main.c:191: undefined reference to `degrees_pitch'
c:\st\stm32cubeide_1.6.1\stm32cubeide\plugins\com.st.stm32cube.ide.mcu.externaltools.gnu-tools-for-stm32.9-2020-q2-update.win32_1.5.0.202011040924\tools\arm-none-eabi\bin\ld.exe: C:/Users/bakialmaci/Desktop/Projects/Arm-Cortex/Avionic_Test_v1.0/Debug/../Core/Src/main.c:191: undefined reference to `degrees_roll'
collect2.exe: error: ld returned 1 exit status
make: *** [makefile:65: Avionic_Test_v1.0.elf] Error 1
"make -j8 all" terminated with exit code 2. Build might be incomplete.
22:36:18 **** Incremental Build of configuration Debug for project Avionic_Test_v1.0 ****
make -j8 all 
arm-none-eabi-gcc "../Core/Src/MPU6050.c" -mcpu=cortex-m3 -std=gnu11 -g3 -DDEBUG -DUSE_HAL_DRIVER -DSTM32F103xB -c -I../Core/Inc -I../Drivers/STM32F1xx_HAL_Driver/Inc -I../Drivers/STM32F1xx_HAL_Driver/Inc/Legacy -I../Drivers/CMSIS/Device/ST/STM32F1xx/Include -I../Drivers/CMSIS/Include -O0 -ffunction-sections -fdata-sections -Wall -fstack-usage -MMD -MP -MF"Core/Src/MPU6050.d" -MT"Core/Src/MPU6050.o" --specs=nano.specs -mfloat-abi=soft -mthumb -o "Core/Src/MPU6050.o"
arm-none-eabi-gcc "../Core/Src/main.c" -mcpu=cortex-m3 -std=gnu11 -g3 -DDEBUG -DUSE_HAL_DRIVER -DSTM32F103xB -c -I../Core/Inc -I../Drivers/STM32F1xx_HAL_Driver/Inc -I../Drivers/STM32F1xx_HAL_Driver/Inc/Legacy -I../Drivers/CMSIS/Device/ST/STM32F1xx/Include -I../Drivers/CMSIS/Include -O0 -ffunction-sections -fdata-sections -Wall -fstack-usage -MMD -MP -MF"Core/Src/main.d" -MT"Core/Src/main.o" --specs=nano.specs -mfloat-abi=soft -mthumb -o "Core/Src/main.o"
arm-none-eabi-gcc -o "Avionic_Test_v1.0.elf" @"objects.list"   -mcpu=cortex-m3 -T"C:\Users\bakialmaci\Desktop\Projects\Arm-Cortex\Avionic_Test_v1.0\STM32F103C8TX_FLASH.ld" --specs=nosys.specs -Wl,-Map="Avionic_Test_v1.0.map" -Wl,--gc-sections -static --specs=nano.specs -mfloat-abi=soft -mthumb -u _scanf_float -Wl,--start-group -lc -lm -Wl,--end-group
c:\st\stm32cubeide_1.6.1\stm32cubeide\plugins\com.st.stm32cube.ide.mcu.externaltools.gnu-tools-for-stm32.9-2020-q2-update.win32_1.5.0.202011040924\tools\arm-none-eabi\bin\ld.exe: Core/Src/MPU6050.o: in function `MPU_Process':
C:/Users/bakialmaci/Desktop/Projects/Arm-Cortex/Avionic_Test_v1.0/Debug/../Core/Src/MPU6050.c:37: undefined reference to `degrees_pitch'
c:\st\stm32cubeide_1.6.1\stm32cubeide\plugins\com.st.stm32cube.ide.mcu.externaltools.gnu-tools-for-stm32.9-2020-q2-update.win32_1.5.0.202011040924\tools\arm-none-eabi\bin\ld.exe: C:/Users/bakialmaci/Desktop/Projects/Arm-Cortex/Avionic_Test_v1.0/Debug/../Core/Src/MPU6050.c:37: undefined reference to `degrees_roll'
c:\st\stm32cubeide_1.6.1\stm32cubeide\plugins\com.st.stm32cube.ide.mcu.externaltools.gnu-tools-for-stm32.9-2020-q2-update.win32_1.5.0.202011040924\tools\arm-none-eabi\bin\ld.exe: C:/Users/bakialmaci/Desktop/Projects/Arm-Cortex/Avionic_Test_v1.0/Debug/../Core/Src/MPU6050.c:38: undefined reference to `degrees_roll'
c:\st\stm32cubeide_1.6.1\stm32cubeide\plugins\com.st.stm32cube.ide.mcu.externaltools.gnu-tools-for-stm32.9-2020-q2-update.win32_1.5.0.202011040924\tools\arm-none-eabi\bin\ld.exe: Core/Src/main.o: in function `Check_Recovery':
C:/Users/bakialmaci/Desktop/Projects/Arm-Cortex/Avionic_Test_v1.0/Debug/../Core/Src/main.c:191: undefined reference to `degrees_pitch'
c:\st\stm32cubeide_1.6.1\stm32cubeide\plugins\com.st.stm32cube.ide.mcu.externaltools.gnu-tools-for-stm32.9-2020-q2-update.win32_1.5.0.202011040924\tools\arm-none-eabi\bin\ld.exe: C:/Users/bakialmaci/Desktop/Projects/Arm-Cortex/Avionic_Test_v1.0/Debug/../Core/Src/main.c:191: undefined reference to `degrees_roll'
collect2.exe: error: ld returned 1 exit status
make: *** [makefile:65: Avionic_Test_v1.0.elf] Error 1
"make -j8 all" terminated with exit code 2. Build might be incomplete.
22:37:10 **** Incremental Build of configuration Debug for project Avionic_Test_v1.0 ****
make -j8 all 
arm-none-eabi-gcc "../Core/Src/MPU6050.c" -mcpu=cortex-m3 -std=gnu11 -g3 -DDEBUG -DUSE_HAL_DRIVER -DSTM32F103xB -c -I../Core/Inc -I../Drivers/STM32F1xx_HAL_Driver/Inc -I../Drivers/STM32F1xx_HAL_Driver/Inc/Legacy -I../Drivers/CMSIS/Device/ST/STM32F1xx/Include -I../Drivers/CMSIS/Include -O0 -ffunction-sections -fdata-sections -Wall -fstack-usage -MMD -MP -MF"Core/Src/MPU6050.d" -MT"Core/Src/MPU6050.o" --specs=nano.specs -mfloat-abi=soft -mthumb -o "Core/Src/MPU6050.o"
arm-none-eabi-gcc -o "Avionic_Test_v1.0.elf" @"objects.list"   -mcpu=cortex-m3 -T"C:\Users\bakialmaci\Desktop\Projects\Arm-Cortex\Avionic_Test_v1.0\STM32F103C8TX_FLASH.ld" --specs=nosys.specs -Wl,-Map="Avionic_Test_v1.0.map" -Wl,--gc-sections -static --specs=nano.specs -mfloat-abi=soft -mthumb -u _scanf_float -Wl,--start-group -lc -lm -Wl,--end-group
Finished building target: Avionic_Test_v1.0.elf
 
arm-none-eabi-objdump -h -S  Avionic_Test_v1.0.elf  > "Avionic_Test_v1.0.list"
arm-none-eabi-objcopy  -O binary  Avionic_Test_v1.0.elf  "Avionic_Test_v1.0.bin"
arm-none-eabi-size   Avionic_Test_v1.0.elf 
   text	   data	    bss	    dec	    hex	filename
  51472	    492	   2300	  54264	   d3f8	Avionic_Test_v1.0.elf
Finished building: default.size.stdout
 
Finished building: Avionic_Test_v1.0.bin
 
Finished building: Avionic_Test_v1.0.list
 
22:37:18 **** Incremental Build of configuration Debug for project Avionic_Test_v1.0 ****
make -j8 all 
arm-none-eabi-gcc "../Core/Src/MPU6050.c" -mcpu=cortex-m3 -std=gnu11 -g3 -DDEBUG -DUSE_HAL_DRIVER -DSTM32F103xB -c -I../Core/Inc -I../Drivers/STM32F1xx_HAL_Driver/Inc -I../Drivers/STM32F1xx_HAL_Driver/Inc/Legacy -I../Drivers/CMSIS/Device/ST/STM32F1xx/Include -I../Drivers/CMSIS/Include -O0 -ffunction-sections -fdata-sections -Wall -fstack-usage -MMD -MP -MF"Core/Src/MPU6050.d" -MT"Core/Src/MPU6050.o" --specs=nano.specs -mfloat-abi=soft -mthumb -o "Core/Src/MPU6050.o"
arm-none-eabi-gcc -o "Avionic_Test_v1.0.elf" @"objects.list"   -mcpu=cortex-m3 -T"C:\Users\bakialmaci\Desktop\Projects\Arm-Cortex\Avionic_Test_v1.0\STM32F103C8TX_FLASH.ld" --specs=nosys.specs -Wl,-Map="Avionic_Test_v1.0.map" -Wl,--gc-sections -static --specs=nano.specs -mfloat-abi=soft -mthumb -u _scanf_float -Wl,--start-group -lc -lm -Wl,--end-group
Finished building target: Avionic_Test_v1.0.elf
 
arm-none-eabi-objdump -h -S  Avionic_Test_v1.0.elf  > "Avionic_Test_v1.0.list"
arm-none-eabi-objcopy  -O binary  Avionic_Test_v1.0.elf  "Avionic_Test_v1.0.bin"
arm-none-eabi-size   Avionic_Test_v1.0.elf 
   text	   data	    bss	    dec	    hex	filename
  51472	    492	   2300	  54264	   d3f8	Avionic_Test_v1.0.elf
Finished building: default.size.stdout
 
Finished building: Avionic_Test_v1.0.bin
 
Finished building: Avionic_Test_v1.0.list
 
22:38:13 **** Incremental Build of configuration Debug for project Avionic_Test_v1.0 ****
make -j8 all 
arm-none-eabi-gcc "../Core/Src/main.c" -mcpu=cortex-m3 -std=gnu11 -g3 -DDEBUG -DUSE_HAL_DRIVER -DSTM32F103xB -c -I../Core/Inc -I../Drivers/STM32F1xx_HAL_Driver/Inc -I../Drivers/STM32F1xx_HAL_Driver/Inc/Legacy -I../Drivers/CMSIS/Device/ST/STM32F1xx/Include -I../Drivers/CMSIS/Include -O0 -ffunction-sections -fdata-sections -Wall -fstack-usage -MMD -MP -MF"Core/Src/main.d" -MT"Core/Src/main.o" --specs=nano.specs -mfloat-abi=soft -mthumb -o "Core/Src/main.o"
arm-none-eabi-gcc -o "Avionic_Test_v1.0.elf" @"objects.list"   -mcpu=cortex-m3 -T"C:\Users\bakialmaci\Desktop\Projects\Arm-Cortex\Avionic_Test_v1.0\STM32F103C8TX_FLASH.ld" --specs=nosys.specs -Wl,-Map="Avionic_Test_v1.0.map" -Wl,--gc-sections -static --specs=nano.specs -mfloat-abi=soft -mthumb -u _scanf_float -Wl,--start-group -lc -lm -Wl,--end-group
Finished building target: Avionic_Test_v1.0.elf
 
arm-none-eabi-objdump -h -S  Avionic_Test_v1.0.elf  > "Avionic_Test_v1.0.list"
arm-none-eabi-objcopy  -O binary  Avionic_Test_v1.0.elf  "Avionic_Test_v1.0.bin"
arm-none-eabi-size   Avionic_Test_v1.0.elf 
   text	   data	    bss	    dec	    hex	filename
  51472	    492	   2300	  54264	   d3f8	Avionic_Test_v1.0.elf
Finished building: default.size.stdout
 
Finished building: Avionic_Test_v1.0.bin
 
Finished building: Avionic_Test_v1.0.list
 
22:38:52 **** Incremental Build of configuration Debug for project Avionic_Test_v1.0 ****
make -j8 all 
arm-none-eabi-gcc "../Core/Src/BMP.c" -mcpu=cortex-m3 -std=gnu11 -g3 -DDEBUG -DUSE_HAL_DRIVER -DSTM32F103xB -c -I../Core/Inc -I../Drivers/STM32F1xx_HAL_Driver/Inc -I../Drivers/STM32F1xx_HAL_Driver/Inc/Legacy -I../Drivers/CMSIS/Device/ST/STM32F1xx/Include -I../Drivers/CMSIS/Include -O0 -ffunction-sections -fdata-sections -Wall -fstack-usage -MMD -MP -MF"Core/Src/BMP.d" -MT"Core/Src/BMP.o" --specs=nano.specs -mfloat-abi=soft -mthumb -o "Core/Src/BMP.o"
arm-none-eabi-gcc "../Core/Src/GPS.c" -mcpu=cortex-m3 -std=gnu11 -g3 -DDEBUG -DUSE_HAL_DRIVER -DSTM32F103xB -c -I../Core/Inc -I../Drivers/STM32F1xx_HAL_Driver/Inc -I../Drivers/STM32F1xx_HAL_Driver/Inc/Legacy -I../Drivers/CMSIS/Device/ST/STM32F1xx/Include -I../Drivers/CMSIS/Include -O0 -ffunction-sections -fdata-sections -Wall -fstack-usage -MMD -MP -MF"Core/Src/GPS.d" -MT"Core/Src/GPS.o" --specs=nano.specs -mfloat-abi=soft -mthumb -o "Core/Src/GPS.o"
arm-none-eabi-gcc "../Core/Src/MPU6050.c" -mcpu=cortex-m3 -std=gnu11 -g3 -DDEBUG -DUSE_HAL_DRIVER -DSTM32F103xB -c -I../Core/Inc -I../Drivers/STM32F1xx_HAL_Driver/Inc -I../Drivers/STM32F1xx_HAL_Driver/Inc/Legacy -I../Drivers/CMSIS/Device/ST/STM32F1xx/Include -I../Drivers/CMSIS/Include -O0 -ffunction-sections -fdata-sections -Wall -fstack-usage -MMD -MP -MF"Core/Src/MPU6050.d" -MT"Core/Src/MPU6050.o" --specs=nano.specs -mfloat-abi=soft -mthumb -o "Core/Src/MPU6050.o"
arm-none-eabi-gcc "../Core/Src/main.c" -mcpu=cortex-m3 -std=gnu11 -g3 -DDEBUG -DUSE_HAL_DRIVER -DSTM32F103xB -c -I../Core/Inc -I../Drivers/STM32F1xx_HAL_Driver/Inc -I../Drivers/STM32F1xx_HAL_Driver/Inc/Legacy -I../Drivers/CMSIS/Device/ST/STM32F1xx/Include -I../Drivers/CMSIS/Include -O0 -ffunction-sections -fdata-sections -Wall -fstack-usage -MMD -MP -MF"Core/Src/main.d" -MT"Core/Src/main.o" --specs=nano.specs -mfloat-abi=soft -mthumb -o "Core/Src/main.o"
../Core/Src/GPS.c: In function 'GPS_Process':
../Core/Src/GPS.c:108:21: warning: assignment to 'char' from 'char *' makes integer from pointer without a cast [-Wint-conversion]
  108 |       GPS.GPGGA.N_S = strtok_f(NULL,',');
      |                     ^
../Core/Src/GPS.c:110:21: warning: assignment to 'char' from 'char *' makes integer from pointer without a cast [-Wint-conversion]
  110 |       GPS.GPGGA.E_W = strtok_f(NULL,',');
      |                     ^
arm-none-eabi-gcc -o "Avionic_Test_v1.0.elf" @"objects.list"   -mcpu=cortex-m3 -T"C:\Users\bakialmaci\Desktop\Projects\Arm-Cortex\Avionic_Test_v1.0\STM32F103C8TX_FLASH.ld" --specs=nosys.specs -Wl,-Map="Avionic_Test_v1.0.map" -Wl,--gc-sections -static --specs=nano.specs -mfloat-abi=soft -mthumb -u _scanf_float -Wl,--start-group -lc -lm -Wl,--end-group
Finished building target: Avionic_Test_v1.0.elf
 
arm-none-eabi-size   Avionic_Test_v1.0.elf 
   text	   data	    bss	    dec	    hex	filename
  51472	    492	   2300	  54264	   d3f8	Avionic_Test_v1.0.elf
Finished building: default.size.stdout
 
22:38:54 **** Incremental Build of configuration Debug for project BMP180 ****
make -j8 all 
arm-none-eabi-size   BMP180.elf 
   text	   data	    bss	    dec	    hex	filename
  25600	    124	   1740	  27464	   6b48	BMP180.elf
Finished building: default.size.stdout
 
22:38:54 **** Incremental Build of configuration Debug for project Blink ****
make -j8 all 
arm-none-eabi-size   Blink.elf 
   text	   data	    bss	    dec	    hex	filename
   4712	     20	   1572	   6304	   18a0	Blink.elf
Finished building: default.size.stdout
 
22:38:55 **** Incremental Build of configuration Debug for project GPS_TEST ****
make -j8 all 
arm-none-eabi-size   GPS_TEST.elf 
   text	   data	    bss	    dec	    hex	filename
  30880	    488	   2064	  33432	   8298	GPS_TEST.elf
Finished building: default.size.stdout
 
22:38:55 **** Incremental Build of configuration Debug for project GY-NEO6MV2 ****
make -j8 all 
arm-none-eabi-size   GY-NEO6MV2.elf 
   text	   data	    bss	    dec	    hex	filename
   7192	     20	   1908	   9120	   23a0	GY-NEO6MV2.elf
Finished building: default.size.stdout
 
22:38:56 **** Incremental Build of configuration Debug for project MPU6050 ****
make -j8 all 
arm-none-eabi-size   MPU6050.elf 
   text	   data	    bss	    dec	    hex	filename
  27336	    124	   1860	  29320	   7288	MPU6050.elf
Finished building: default.size.stdout
 
22:39:06 **** Incremental Build of configuration Debug for project Avionic_Test_v1.0 ****
make -j8 all 
arm-none-eabi-objdump -h -S  Avionic_Test_v1.0.elf  > "Avionic_Test_v1.0.list"
arm-none-eabi-objcopy  -O binary  Avionic_Test_v1.0.elf  "Avionic_Test_v1.0.bin"
arm-none-eabi-size   Avionic_Test_v1.0.elf 
   text	   data	    bss	    dec	    hex	filename
  51472	    492	   2300	  54264	   d3f8	Avionic_Test_v1.0.elf
Finished building: default.size.stdout
 
Finished building: Avionic_Test_v1.0.bin
 
Finished building: Avionic_Test_v1.0.list
 
22:40:46 **** Incremental Build of configuration Debug for project Avionic_Test_v1.0 ****
make -j8 all 
arm-none-eabi-gcc "../Core/Src/MPU6050.c" -mcpu=cortex-m3 -std=gnu11 -g3 -DDEBUG -DUSE_HAL_DRIVER -DSTM32F103xB -c -I../Core/Inc -I../Drivers/STM32F1xx_HAL_Driver/Inc -I../Drivers/STM32F1xx_HAL_Driver/Inc/Legacy -I../Drivers/CMSIS/Device/ST/STM32F1xx/Include -I../Drivers/CMSIS/Include -O0 -ffunction-sections -fdata-sections -Wall -fstack-usage -MMD -MP -MF"Core/Src/MPU6050.d" -MT"Core/Src/MPU6050.o" --specs=nano.specs -mfloat-abi=soft -mthumb -o "Core/Src/MPU6050.o"
arm-none-eabi-gcc -o "Avionic_Test_v1.0.elf" @"objects.list"   -mcpu=cortex-m3 -T"C:\Users\bakialmaci\Desktop\Projects\Arm-Cortex\Avionic_Test_v1.0\STM32F103C8TX_FLASH.ld" --specs=nosys.specs -Wl,-Map="Avionic_Test_v1.0.map" -Wl,--gc-sections -static --specs=nano.specs -mfloat-abi=soft -mthumb -u _scanf_float -Wl,--start-group -lc -lm -Wl,--end-group
Finished building target: Avionic_Test_v1.0.elf
 
arm-none-eabi-objdump -h -S  Avionic_Test_v1.0.elf  > "Avionic_Test_v1.0.list"
arm-none-eabi-objcopy  -O binary  Avionic_Test_v1.0.elf  "Avionic_Test_v1.0.bin"
arm-none-eabi-size   Avionic_Test_v1.0.elf 
   text	   data	    bss	    dec	    hex	filename
  51472	    492	   2300	  54264	   d3f8	Avionic_Test_v1.0.elf
Finished building: default.size.stdout
 
Finished building: Avionic_Test_v1.0.bin
 
Finished building: Avionic_Test_v1.0.list
 
22:42:00 **** Incremental Build of configuration Debug for project Avionic_Test_v1.0 ****
make -j8 all 
arm-none-eabi-gcc "../Core/Src/main.c" -mcpu=cortex-m3 -std=gnu11 -g3 -DDEBUG -DUSE_HAL_DRIVER -DSTM32F103xB -c -I../Core/Inc -I../Drivers/STM32F1xx_HAL_Driver/Inc -I../Drivers/STM32F1xx_HAL_Driver/Inc/Legacy -I../Drivers/CMSIS/Device/ST/STM32F1xx/Include -I../Drivers/CMSIS/Include -O0 -ffunction-sections -fdata-sections -Wall -fstack-usage -MMD -MP -MF"Core/Src/main.d" -MT"Core/Src/main.o" --specs=nano.specs -mfloat-abi=soft -mthumb -o "Core/Src/main.o"
../Core/Src/main.c: In function 'Check_Recovery':
../Core/Src/main.c:162:5: warning: implicit declaration of function 'abs' [-Wimplicit-function-declaration]
  162 |  if(abs(degrees_pitch) > 20.0 || abs(degrees_roll) > 20.0){
      |     ^~~
../Core/Src/main.c:162:9: warning: 'abs' argument 1 promotes to 'double' where 'int' is expected in a call to built-in function declared without prototype [-Wbuiltin-declaration-mismatch]
  162 |  if(abs(degrees_pitch) > 20.0 || abs(degrees_roll) > 20.0){
      |         ^~~~~~~~~~~~~
<built-in>: note: built-in 'abs' declared here
../Core/Src/main.c:162:38: warning: 'abs' argument 1 promotes to 'double' where 'int' is expected in a call to built-in function declared without prototype [-Wbuiltin-declaration-mismatch]
  162 |  if(abs(degrees_pitch) > 20.0 || abs(degrees_roll) > 20.0){
      |                                      ^~~~~~~~~~~~
<built-in>: note: built-in 'abs' declared here
arm-none-eabi-gcc -o "Avionic_Test_v1.0.elf" @"objects.list"   -mcpu=cortex-m3 -T"C:\Users\bakialmaci\Desktop\Projects\Arm-Cortex\Avionic_Test_v1.0\STM32F103C8TX_FLASH.ld" --specs=nosys.specs -Wl,-Map="Avionic_Test_v1.0.map" -Wl,--gc-sections -static --specs=nano.specs -mfloat-abi=soft -mthumb -u _scanf_float -Wl,--start-group -lc -lm -Wl,--end-group
Finished building target: Avionic_Test_v1.0.elf
 
arm-none-eabi-objdump -h -S  Avionic_Test_v1.0.elf  > "Avionic_Test_v1.0.list"
arm-none-eabi-objcopy  -O binary  Avionic_Test_v1.0.elf  "Avionic_Test_v1.0.bin"
arm-none-eabi-size   Avionic_Test_v1.0.elf 
   text	   data	    bss	    dec	    hex	filename
  51416	    492	   2300	  54208	   d3c0	Avionic_Test_v1.0.elf
Finished building: default.size.stdout
 
Finished building: Avionic_Test_v1.0.bin
 
Finished building: Avionic_Test_v1.0.list
 
22:42:16 **** Incremental Build of configuration Debug for project Avionic_Test_v1.0 ****
make -j8 all 
arm-none-eabi-gcc "../Core/Src/main.c" -mcpu=cortex-m3 -std=gnu11 -g3 -DDEBUG -DUSE_HAL_DRIVER -DSTM32F103xB -c -I../Core/Inc -I../Drivers/STM32F1xx_HAL_Driver/Inc -I../Drivers/STM32F1xx_HAL_Driver/Inc/Legacy -I../Drivers/CMSIS/Device/ST/STM32F1xx/Include -I../Drivers/CMSIS/Include -O0 -ffunction-sections -fdata-sections -Wall -fstack-usage -MMD -MP -MF"Core/Src/main.d" -MT"Core/Src/main.o" --specs=nano.specs -mfloat-abi=soft -mthumb -o "Core/Src/main.o"
../Core/Src/main.c: In function 'Check_Recovery':
../Core/Src/main.c:163:5: warning: implicit declaration of function 'abs' [-Wimplicit-function-declaration]
  163 |  if(abs(degrees_pitch) > 20.0 || abs(degrees_roll) > 20.0){
      |     ^~~
../Core/Src/main.c:163:9: warning: 'abs' argument 1 promotes to 'double' where 'int' is expected in a call to built-in function declared without prototype [-Wbuiltin-declaration-mismatch]
  163 |  if(abs(degrees_pitch) > 20.0 || abs(degrees_roll) > 20.0){
      |         ^~~~~~~~~~~~~
<built-in>: note: built-in 'abs' declared here
../Core/Src/main.c:163:38: warning: 'abs' argument 1 promotes to 'double' where 'int' is expected in a call to built-in function declared without prototype [-Wbuiltin-declaration-mismatch]
  163 |  if(abs(degrees_pitch) > 20.0 || abs(degrees_roll) > 20.0){
      |                                      ^~~~~~~~~~~~
<built-in>: note: built-in 'abs' declared here
arm-none-eabi-gcc -o "Avionic_Test_v1.0.elf" @"objects.list"   -mcpu=cortex-m3 -T"C:\Users\bakialmaci\Desktop\Projects\Arm-Cortex\Avionic_Test_v1.0\STM32F103C8TX_FLASH.ld" --specs=nosys.specs -Wl,-Map="Avionic_Test_v1.0.map" -Wl,--gc-sections -static --specs=nano.specs -mfloat-abi=soft -mthumb -u _scanf_float -Wl,--start-group -lc -lm -Wl,--end-group
Finished building target: Avionic_Test_v1.0.elf
 
arm-none-eabi-objdump -h -S  Avionic_Test_v1.0.elf  > "Avionic_Test_v1.0.list"
arm-none-eabi-objcopy  -O binary  Avionic_Test_v1.0.elf  "Avionic_Test_v1.0.bin"
arm-none-eabi-size   Avionic_Test_v1.0.elf 
   text	   data	    bss	    dec	    hex	filename
  51416	    492	   2300	  54208	   d3c0	Avionic_Test_v1.0.elf
Finished building: default.size.stdout
 
Finished building: Avionic_Test_v1.0.bin
 
Finished building: Avionic_Test_v1.0.list
 
22:42:24 **** Incremental Build of configuration Debug for project Avionic_Test_v1.0 ****
make -j8 all 
arm-none-eabi-gcc "../Core/Src/main.c" -mcpu=cortex-m3 -std=gnu11 -g3 -DDEBUG -DUSE_HAL_DRIVER -DSTM32F103xB -c -I../Core/Inc -I../Drivers/STM32F1xx_HAL_Driver/Inc -I../Drivers/STM32F1xx_HAL_Driver/Inc/Legacy -I../Drivers/CMSIS/Device/ST/STM32F1xx/Include -I../Drivers/CMSIS/Include -O0 -ffunction-sections -fdata-sections -Wall -fstack-usage -MMD -MP -MF"Core/Src/main.d" -MT"Core/Src/main.o" --specs=nano.specs -mfloat-abi=soft -mthumb -o "Core/Src/main.o"
../Core/Src/main.c: In function 'Check_Recovery':
../Core/Src/main.c:164:5: warning: implicit declaration of function 'abs' [-Wimplicit-function-declaration]
  164 |  if(abs(degrees_pitch) > 20.0 || abs(degrees_roll) > 20.0){
      |     ^~~
../Core/Src/main.c:164:9: warning: 'abs' argument 1 promotes to 'double' where 'int' is expected in a call to built-in function declared without prototype [-Wbuiltin-declaration-mismatch]
  164 |  if(abs(degrees_pitch) > 20.0 || abs(degrees_roll) > 20.0){
      |         ^~~~~~~~~~~~~
<built-in>: note: built-in 'abs' declared here
../Core/Src/main.c:164:38: warning: 'abs' argument 1 promotes to 'double' where 'int' is expected in a call to built-in function declared without prototype [-Wbuiltin-declaration-mismatch]
  164 |  if(abs(degrees_pitch) > 20.0 || abs(degrees_roll) > 20.0){
      |                                      ^~~~~~~~~~~~
<built-in>: note: built-in 'abs' declared here
arm-none-eabi-gcc -o "Avionic_Test_v1.0.elf" @"objects.list"   -mcpu=cortex-m3 -T"C:\Users\bakialmaci\Desktop\Projects\Arm-Cortex\Avionic_Test_v1.0\STM32F103C8TX_FLASH.ld" --specs=nosys.specs -Wl,-Map="Avionic_Test_v1.0.map" -Wl,--gc-sections -static --specs=nano.specs -mfloat-abi=soft -mthumb -u _scanf_float -Wl,--start-group -lc -lm -Wl,--end-group
Finished building target: Avionic_Test_v1.0.elf
 
arm-none-eabi-objdump -h -S  Avionic_Test_v1.0.elf  > "Avionic_Test_v1.0.list"
arm-none-eabi-objcopy  -O binary  Avionic_Test_v1.0.elf  "Avionic_Test_v1.0.bin"
arm-none-eabi-size   Avionic_Test_v1.0.elf 
   text	   data	    bss	    dec	    hex	filename
  51416	    492	   2300	  54208	   d3c0	Avionic_Test_v1.0.elf
Finished building: default.size.stdout
 
Finished building: Avionic_Test_v1.0.bin
 
Finished building: Avionic_Test_v1.0.list
 
22:45:24 **** Incremental Build of configuration Debug for project Avionic_Test_v1.0 ****
make -j8 all 
arm-none-eabi-gcc "../Core/Src/main.c" -mcpu=cortex-m3 -std=gnu11 -g3 -DDEBUG -DUSE_HAL_DRIVER -DSTM32F103xB -c -I../Core/Inc -I../Drivers/STM32F1xx_HAL_Driver/Inc -I../Drivers/STM32F1xx_HAL_Driver/Inc/Legacy -I../Drivers/CMSIS/Device/ST/STM32F1xx/Include -I../Drivers/CMSIS/Include -O0 -ffunction-sections -fdata-sections -Wall -fstack-usage -MMD -MP -MF"Core/Src/main.d" -MT"Core/Src/main.o" --specs=nano.specs -mfloat-abi=soft -mthumb -o "Core/Src/main.o"
arm-none-eabi-gcc -o "Avionic_Test_v1.0.elf" @"objects.list"   -mcpu=cortex-m3 -T"C:\Users\bakialmaci\Desktop\Projects\Arm-Cortex\Avionic_Test_v1.0\STM32F103C8TX_FLASH.ld" --specs=nosys.specs -Wl,-Map="Avionic_Test_v1.0.map" -Wl,--gc-sections -static --specs=nano.specs -mfloat-abi=soft -mthumb -u _scanf_float -Wl,--start-group -lc -lm -Wl,--end-group
Finished building target: Avionic_Test_v1.0.elf
 
arm-none-eabi-objdump -h -S  Avionic_Test_v1.0.elf  > "Avionic_Test_v1.0.list"
arm-none-eabi-objcopy  -O binary  Avionic_Test_v1.0.elf  "Avionic_Test_v1.0.bin"
arm-none-eabi-size   Avionic_Test_v1.0.elf 
   text	   data	    bss	    dec	    hex	filename
  51472	    492	   2300	  54264	   d3f8	Avionic_Test_v1.0.elf
Finished building: default.size.stdout
 
Finished building: Avionic_Test_v1.0.bin
 
Finished building: Avionic_Test_v1.0.list
 
22:45:32 **** Incremental Build of configuration Debug for project Avionic_Test_v1.0 ****
make -j8 all 
arm-none-eabi-gcc "../Core/Src/main.c" -mcpu=cortex-m3 -std=gnu11 -g3 -DDEBUG -DUSE_HAL_DRIVER -DSTM32F103xB -c -I../Core/Inc -I../Drivers/STM32F1xx_HAL_Driver/Inc -I../Drivers/STM32F1xx_HAL_Driver/Inc/Legacy -I../Drivers/CMSIS/Device/ST/STM32F1xx/Include -I../Drivers/CMSIS/Include -O0 -ffunction-sections -fdata-sections -Wall -fstack-usage -MMD -MP -MF"Core/Src/main.d" -MT"Core/Src/main.o" --specs=nano.specs -mfloat-abi=soft -mthumb -o "Core/Src/main.o"
arm-none-eabi-gcc -o "Avionic_Test_v1.0.elf" @"objects.list"   -mcpu=cortex-m3 -T"C:\Users\bakialmaci\Desktop\Projects\Arm-Cortex\Avionic_Test_v1.0\STM32F103C8TX_FLASH.ld" --specs=nosys.specs -Wl,-Map="Avionic_Test_v1.0.map" -Wl,--gc-sections -static --specs=nano.specs -mfloat-abi=soft -mthumb -u _scanf_float -Wl,--start-group -lc -lm -Wl,--end-group
Finished building target: Avionic_Test_v1.0.elf
 
arm-none-eabi-objdump -h -S  Avionic_Test_v1.0.elf  > "Avionic_Test_v1.0.list"
arm-none-eabi-objcopy  -O binary  Avionic_Test_v1.0.elf  "Avionic_Test_v1.0.bin"
arm-none-eabi-size   Avionic_Test_v1.0.elf 
   text	   data	    bss	    dec	    hex	filename
  51472	    492	   2300	  54264	   d3f8	Avionic_Test_v1.0.elf
Finished building: default.size.stdout
 
Finished building: Avionic_Test_v1.0.bin
 
Finished building: Avionic_Test_v1.0.list
 
22:45:42 **** Incremental Build of configuration Debug for project Avionic_Test_v1.0 ****
make -j8 all 
arm-none-eabi-gcc "../Core/Src/main.c" -mcpu=cortex-m3 -std=gnu11 -g3 -DDEBUG -DUSE_HAL_DRIVER -DSTM32F103xB -c -I../Core/Inc -I../Drivers/STM32F1xx_HAL_Driver/Inc -I../Drivers/STM32F1xx_HAL_Driver/Inc/Legacy -I../Drivers/CMSIS/Device/ST/STM32F1xx/Include -I../Drivers/CMSIS/Include -O0 -ffunction-sections -fdata-sections -Wall -fstack-usage -MMD -MP -MF"Core/Src/main.d" -MT"Core/Src/main.o" --specs=nano.specs -mfloat-abi=soft -mthumb -o "Core/Src/main.o"
../Core/Src/main.c: In function 'main':
../Core/Src/main.c:97:3: warning: implicit declaration of function 'MX_I2C1_Init'; did you mean 'MX_GPIO_Init'? [-Wimplicit-function-declaration]
   97 |   MX_I2C1_Init();
      |   ^~~~~~~~~~~~
      |   MX_GPIO_Init
../Core/Src/main.c:98:3: warning: implicit declaration of function 'MX_I2C2_Init'; did you mean 'MX_GPIO_Init'? [-Wimplicit-function-declaration]
   98 |   MX_I2C2_Init();
      |   ^~~~~~~~~~~~
      |   MX_GPIO_Init
arm-none-eabi-gcc -o "Avionic_Test_v1.0.elf" @"objects.list"   -mcpu=cortex-m3 -T"C:\Users\bakialmaci\Desktop\Projects\Arm-Cortex\Avionic_Test_v1.0\STM32F103C8TX_FLASH.ld" --specs=nosys.specs -Wl,-Map="Avionic_Test_v1.0.map" -Wl,--gc-sections -static --specs=nano.specs -mfloat-abi=soft -mthumb -u _scanf_float -Wl,--start-group -lc -lm -Wl,--end-group
Finished building target: Avionic_Test_v1.0.elf
 
arm-none-eabi-objdump -h -S  Avionic_Test_v1.0.elf  > "Avionic_Test_v1.0.list"
arm-none-eabi-objcopy  -O binary  Avionic_Test_v1.0.elf  "Avionic_Test_v1.0.bin"
arm-none-eabi-size   Avionic_Test_v1.0.elf 
   text	   data	    bss	    dec	    hex	filename
  51472	    492	   2300	  54264	   d3f8	Avionic_Test_v1.0.elf
Finished building: default.size.stdout
 
Finished building: Avionic_Test_v1.0.bin
 
Finished building: Avionic_Test_v1.0.list
 
22:45:55 **** Incremental Build of configuration Debug for project Avionic_Test_v1.0 ****
make -j8 all 
arm-none-eabi-gcc "../Core/Src/main.c" -mcpu=cortex-m3 -std=gnu11 -g3 -DDEBUG -DUSE_HAL_DRIVER -DSTM32F103xB -c -I../Core/Inc -I../Drivers/STM32F1xx_HAL_Driver/Inc -I../Drivers/STM32F1xx_HAL_Driver/Inc/Legacy -I../Drivers/CMSIS/Device/ST/STM32F1xx/Include -I../Drivers/CMSIS/Include -O0 -ffunction-sections -fdata-sections -Wall -fstack-usage -MMD -MP -MF"Core/Src/main.d" -MT"Core/Src/main.o" --specs=nano.specs -mfloat-abi=soft -mthumb -o "Core/Src/main.o"
arm-none-eabi-gcc -o "Avionic_Test_v1.0.elf" @"objects.list"   -mcpu=cortex-m3 -T"C:\Users\bakialmaci\Desktop\Projects\Arm-Cortex\Avionic_Test_v1.0\STM32F103C8TX_FLASH.ld" --specs=nosys.specs -Wl,-Map="Avionic_Test_v1.0.map" -Wl,--gc-sections -static --specs=nano.specs -mfloat-abi=soft -mthumb -u _scanf_float -Wl,--start-group -lc -lm -Wl,--end-group
Finished building target: Avionic_Test_v1.0.elf
 
arm-none-eabi-objdump -h -S  Avionic_Test_v1.0.elf  > "Avionic_Test_v1.0.list"
arm-none-eabi-objcopy  -O binary  Avionic_Test_v1.0.elf  "Avionic_Test_v1.0.bin"
arm-none-eabi-size   Avionic_Test_v1.0.elf 
   text	   data	    bss	    dec	    hex	filename
  51472	    492	   2300	  54264	   d3f8	Avionic_Test_v1.0.elf
Finished building: default.size.stdout
 
Finished building: Avionic_Test_v1.0.bin
 
Finished building: Avionic_Test_v1.0.list
 
22:51:30 **** Incremental Build of configuration Debug for project Avionic_Test_v1.0 ****
make -j8 all 
arm-none-eabi-gcc "../Core/Src/BMP.c" -mcpu=cortex-m3 -std=gnu11 -g3 -DDEBUG -DUSE_HAL_DRIVER -DSTM32F103xB -c -I../Core/Inc -I../Drivers/STM32F1xx_HAL_Driver/Inc -I../Drivers/STM32F1xx_HAL_Driver/Inc/Legacy -I../Drivers/CMSIS/Device/ST/STM32F1xx/Include -I../Drivers/CMSIS/Include -O0 -ffunction-sections -fdata-sections -Wall -fstack-usage -MMD -MP -MF"Core/Src/BMP.d" -MT"Core/Src/BMP.o" --specs=nano.specs -mfloat-abi=soft -mthumb -o "Core/Src/BMP.o"
arm-none-eabi-gcc "../Core/Src/main.c" -mcpu=cortex-m3 -std=gnu11 -g3 -DDEBUG -DUSE_HAL_DRIVER -DSTM32F103xB -c -I../Core/Inc -I../Drivers/STM32F1xx_HAL_Driver/Inc -I../Drivers/STM32F1xx_HAL_Driver/Inc/Legacy -I../Drivers/CMSIS/Device/ST/STM32F1xx/Include -I../Drivers/CMSIS/Include -O0 -ffunction-sections -fdata-sections -Wall -fstack-usage -MMD -MP -MF"Core/Src/main.d" -MT"Core/Src/main.o" --specs=nano.specs -mfloat-abi=soft -mthumb -o "Core/Src/main.o"
arm-none-eabi-gcc -o "Avionic_Test_v1.0.elf" @"objects.list"   -mcpu=cortex-m3 -T"C:\Users\bakialmaci\Desktop\Projects\Arm-Cortex\Avionic_Test_v1.0\STM32F103C8TX_FLASH.ld" --specs=nosys.specs -Wl,-Map="Avionic_Test_v1.0.map" -Wl,--gc-sections -static --specs=nano.specs -mfloat-abi=soft -mthumb -u _scanf_float -Wl,--start-group -lc -lm -Wl,--end-group
Finished building target: Avionic_Test_v1.0.elf
 
arm-none-eabi-objdump -h -S  Avionic_Test_v1.0.elf  > "Avionic_Test_v1.0.list"
arm-none-eabi-objcopy  -O binary  Avionic_Test_v1.0.elf  "Avionic_Test_v1.0.bin"
arm-none-eabi-size   Avionic_Test_v1.0.elf 
   text	   data	    bss	    dec	    hex	filename
  51472	    492	   2300	  54264	   d3f8	Avionic_Test_v1.0.elf
Finished building: default.size.stdout
 
Finished building: Avionic_Test_v1.0.bin
 
Finished building: Avionic_Test_v1.0.list
 
22:52:21 **** Incremental Build of configuration Debug for project Avionic_Test_v1.0 ****
make -j8 all 
arm-none-eabi-gcc "../Core/Src/GPS.c" -mcpu=cortex-m3 -std=gnu11 -g3 -DDEBUG -DUSE_HAL_DRIVER -DSTM32F103xB -c -I../Core/Inc -I../Drivers/STM32F1xx_HAL_Driver/Inc -I../Drivers/STM32F1xx_HAL_Driver/Inc/Legacy -I../Drivers/CMSIS/Device/ST/STM32F1xx/Include -I../Drivers/CMSIS/Include -O0 -ffunction-sections -fdata-sections -Wall -fstack-usage -MMD -MP -MF"Core/Src/GPS.d" -MT"Core/Src/GPS.o" --specs=nano.specs -mfloat-abi=soft -mthumb -o "Core/Src/GPS.o"
arm-none-eabi-gcc "../Core/Src/main.c" -mcpu=cortex-m3 -std=gnu11 -g3 -DDEBUG -DUSE_HAL_DRIVER -DSTM32F103xB -c -I../Core/Inc -I../Drivers/STM32F1xx_HAL_Driver/Inc -I../Drivers/STM32F1xx_HAL_Driver/Inc/Legacy -I../Drivers/CMSIS/Device/ST/STM32F1xx/Include -I../Drivers/CMSIS/Include -O0 -ffunction-sections -fdata-sections -Wall -fstack-usage -MMD -MP -MF"Core/Src/main.d" -MT"Core/Src/main.o" --specs=nano.specs -mfloat-abi=soft -mthumb -o "Core/Src/main.o"
In file included from ../Core/Src/GPS.c:16:
../Core/Inc/GPS.h:18:5: error: expected specifier-qualifier-list before 'extern'
   18 |     extern float Altitude;
      |     ^~~~~~
In file included from ../Core/Src/main.c:28:
../Core/Inc/GPS.h:18:5: error: expected specifier-qualifier-list before 'extern'
   18 |     extern float Altitude;
      |     ^~~~~~
../Core/Src/GPS.c: In function 'GPS_Process':
../Core/Src/GPS.c:108:21: warning: assignment to 'char' from 'char *' makes integer from pointer without a cast [-Wint-conversion]
  108 |       GPS.GPGGA.N_S = strtok_f(NULL,',');
      |                     ^
../Core/Src/GPS.c:110:21: warning: assignment to 'char' from 'char *' makes integer from pointer without a cast [-Wint-conversion]
  110 |       GPS.GPGGA.E_W = strtok_f(NULL,',');
      |                     ^
../Core/Src/GPS.c:115:16: error: 'GPGGA_t' {aka 'struct <anonymous>'} has no member named 'Altitude'
  115 |       GPS.GPGGA.Altitude = atof(strtok_f(NULL,','));
      |                ^
../Core/Src/GPS.c:116:17: error: 'GPGGA_t' {aka 'struct <anonymous>'} has no member named 'Latitude'; did you mean 'Raw_Latitude'?
  116 |       GPS.GPGGA.Latitude = GpsToDecimalDegrees(GPS.GPGGA.Raw_Latitude, GPS.GPGGA.N_S);
      |                 ^~~~~~~~
      |                 Raw_Latitude
../Core/Src/GPS.c:117:17: error: 'GPGGA_t' {aka 'struct <anonymous>'} has no member named 'Longitude'; did you mean 'Raw_Longitude'?
  117 |       GPS.GPGGA.Longitude = GpsToDecimalDegrees(GPS.GPGGA.Raw_Longitude, GPS.GPGGA.E_W);
      |                 ^~~~~~~~~
      |                 Raw_Longitude
make: *** [Core/Src/subdir.mk:62: Core/Src/main.o] Error 1
make: *** Waiting for unfinished jobs....
make: *** [Core/Src/subdir.mk:54: Core/Src/GPS.o] Error 1
"make -j8 all" terminated with exit code 2. Build might be incomplete.
22:52:27 **** Incremental Build of configuration Debug for project Avionic_Test_v1.0 ****
make -j8 all 
arm-none-eabi-gcc "../Core/Src/GPS.c" -mcpu=cortex-m3 -std=gnu11 -g3 -DDEBUG -DUSE_HAL_DRIVER -DSTM32F103xB -c -I../Core/Inc -I../Drivers/STM32F1xx_HAL_Driver/Inc -I../Drivers/STM32F1xx_HAL_Driver/Inc/Legacy -I../Drivers/CMSIS/Device/ST/STM32F1xx/Include -I../Drivers/CMSIS/Include -O0 -ffunction-sections -fdata-sections -Wall -fstack-usage -MMD -MP -MF"Core/Src/GPS.d" -MT"Core/Src/GPS.o" --specs=nano.specs -mfloat-abi=soft -mthumb -o "Core/Src/GPS.o"
arm-none-eabi-gcc "../Core/Src/main.c" -mcpu=cortex-m3 -std=gnu11 -g3 -DDEBUG -DUSE_HAL_DRIVER -DSTM32F103xB -c -I../Core/Inc -I../Drivers/STM32F1xx_HAL_Driver/Inc -I../Drivers/STM32F1xx_HAL_Driver/Inc/Legacy -I../Drivers/CMSIS/Device/ST/STM32F1xx/Include -I../Drivers/CMSIS/Include -O0 -ffunction-sections -fdata-sections -Wall -fstack-usage -MMD -MP -MF"Core/Src/main.d" -MT"Core/Src/main.o" --specs=nano.specs -mfloat-abi=soft -mthumb -o "Core/Src/main.o"
../Core/Src/GPS.c: In function 'GPS_Process':
../Core/Src/GPS.c:108:21: warning: assignment to 'char' from 'char *' makes integer from pointer without a cast [-Wint-conversion]
  108 |       GPS.GPGGA.N_S = strtok_f(NULL,',');
      |                     ^
../Core/Src/GPS.c:110:21: warning: assignment to 'char' from 'char *' makes integer from pointer without a cast [-Wint-conversion]
  110 |       GPS.GPGGA.E_W = strtok_f(NULL,',');
      |                     ^
arm-none-eabi-gcc -o "Avionic_Test_v1.0.elf" @"objects.list"   -mcpu=cortex-m3 -T"C:\Users\bakialmaci\Desktop\Projects\Arm-Cortex\Avionic_Test_v1.0\STM32F103C8TX_FLASH.ld" --specs=nosys.specs -Wl,-Map="Avionic_Test_v1.0.map" -Wl,--gc-sections -static --specs=nano.specs -mfloat-abi=soft -mthumb -u _scanf_float -Wl,--start-group -lc -lm -Wl,--end-group
Finished building target: Avionic_Test_v1.0.elf
 
arm-none-eabi-objdump -h -S  Avionic_Test_v1.0.elf  > "Avionic_Test_v1.0.list"
arm-none-eabi-objcopy  -O binary  Avionic_Test_v1.0.elf  "Avionic_Test_v1.0.bin"
arm-none-eabi-size   Avionic_Test_v1.0.elf 
   text	   data	    bss	    dec	    hex	filename
  51472	    492	   2300	  54264	   d3f8	Avionic_Test_v1.0.elf
Finished building: default.size.stdout
 
Finished building: Avionic_Test_v1.0.bin
 
Finished building: Avionic_Test_v1.0.list
 
22:52:48 **** Incremental Build of configuration Debug for project Avionic_Test_v1.0 ****
make -j8 all 
arm-none-eabi-gcc "../Core/Src/GPS.c" -mcpu=cortex-m3 -std=gnu11 -g3 -DDEBUG -DUSE_HAL_DRIVER -DSTM32F103xB -c -I../Core/Inc -I../Drivers/STM32F1xx_HAL_Driver/Inc -I../Drivers/STM32F1xx_HAL_Driver/Inc/Legacy -I../Drivers/CMSIS/Device/ST/STM32F1xx/Include -I../Drivers/CMSIS/Include -O0 -ffunction-sections -fdata-sections -Wall -fstack-usage -MMD -MP -MF"Core/Src/GPS.d" -MT"Core/Src/GPS.o" --specs=nano.specs -mfloat-abi=soft -mthumb -o "Core/Src/GPS.o"
../Core/Src/GPS.c: In function 'GPS_Process':
../Core/Src/GPS.c:108:21: warning: assignment to 'char' from 'char *' makes integer from pointer without a cast [-Wint-conversion]
  108 |       GPS.GPGGA.N_S = strtok_f(NULL,',');
      |                     ^
../Core/Src/GPS.c:110:21: warning: assignment to 'char' from 'char *' makes integer from pointer without a cast [-Wint-conversion]
  110 |       GPS.GPGGA.E_W = strtok_f(NULL,',');
      |                     ^
arm-none-eabi-gcc -o "Avionic_Test_v1.0.elf" @"objects.list"   -mcpu=cortex-m3 -T"C:\Users\bakialmaci\Desktop\Projects\Arm-Cortex\Avionic_Test_v1.0\STM32F103C8TX_FLASH.ld" --specs=nosys.specs -Wl,-Map="Avionic_Test_v1.0.map" -Wl,--gc-sections -static --specs=nano.specs -mfloat-abi=soft -mthumb -u _scanf_float -Wl,--start-group -lc -lm -Wl,--end-group
c:\st\stm32cubeide_1.6.1\stm32cubeide\plugins\com.st.stm32cube.ide.mcu.externaltools.gnu-tools-for-stm32.9-2020-q2-update.win32_1.5.0.202011040924\tools\arm-none-eabi\bin\ld.exe: Core/Src/GPS.o: in function `GPS_Init':
C:/Users/bakialmaci/Desktop/Projects/Arm-Cortex/Avionic_Test_v1.0/Debug/../Core/Src/GPS.c:56: undefined reference to `GPS'
c:\st\stm32cubeide_1.6.1\stm32cubeide\plugins\com.st.stm32cube.ide.mcu.externaltools.gnu-tools-for-stm32.9-2020-q2-update.win32_1.5.0.202011040924\tools\arm-none-eabi\bin\ld.exe: C:/Users/bakialmaci/Desktop/Projects/Arm-Cortex/Avionic_Test_v1.0/Debug/../Core/Src/GPS.c:56: undefined reference to `GPS'
c:\st\stm32cubeide_1.6.1\stm32cubeide\plugins\com.st.stm32cube.ide.mcu.externaltools.gnu-tools-for-stm32.9-2020-q2-update.win32_1.5.0.202011040924\tools\arm-none-eabi\bin\ld.exe: Core/Src/GPS.o: in function `GPS_CallBack':
C:/Users/bakialmaci/Desktop/Projects/Arm-Cortex/Avionic_Test_v1.0/Debug/../Core/Src/GPS.c:66: undefined reference to `GPS'
c:\st\stm32cubeide_1.6.1\stm32cubeide\plugins\com.st.stm32cube.ide.mcu.externaltools.gnu-tools-for-stm32.9-2020-q2-update.win32_1.5.0.202011040924\tools\arm-none-eabi\bin\ld.exe: C:/Users/bakialmaci/Desktop/Projects/Arm-Cortex/Avionic_Test_v1.0/Debug/../Core/Src/GPS.c:66: undefined reference to `GPS'
c:\st\stm32cubeide_1.6.1\stm32cubeide\plugins\com.st.stm32cube.ide.mcu.externaltools.gnu-tools-for-stm32.9-2020-q2-update.win32_1.5.0.202011040924\tools\arm-none-eabi\bin\ld.exe: Core/Src/GPS.o: in function `GPS_Process':
C:/Users/bakialmaci/Desktop/Projects/Arm-Cortex/Avionic_Test_v1.0/Debug/../Core/Src/GPS.c:130: undefined reference to `GPS'
c:\st\stm32cubeide_1.6.1\stm32cubeide\plugins\com.st.stm32cube.ide.mcu.externaltools.gnu-tools-for-stm32.9-2020-q2-update.win32_1.5.0.202011040924\tools\arm-none-eabi\bin\ld.exe: Core/Src/GPS.o:C:/Users/bakialmaci/Desktop/Projects/Arm-Cortex/Avionic_Test_v1.0/Debug/../Core/Src/GPS.c:130: more undefined references to `GPS' follow
collect2.exe: error: ld returned 1 exit status
make: *** [makefile:65: Avionic_Test_v1.0.elf] Error 1
"make -j8 all" terminated with exit code 2. Build might be incomplete.
22:55:03 **** Incremental Build of configuration Debug for project Avionic_Test_v1.0 ****
make -j8 all 
arm-none-eabi-gcc "../Core/Src/GPS.c" -mcpu=cortex-m3 -std=gnu11 -g3 -DDEBUG -DUSE_HAL_DRIVER -DSTM32F103xB -c -I../Core/Inc -I../Drivers/STM32F1xx_HAL_Driver/Inc -I../Drivers/STM32F1xx_HAL_Driver/Inc/Legacy -I../Drivers/CMSIS/Device/ST/STM32F1xx/Include -I../Drivers/CMSIS/Include -O0 -ffunction-sections -fdata-sections -Wall -fstack-usage -MMD -MP -MF"Core/Src/GPS.d" -MT"Core/Src/GPS.o" --specs=nano.specs -mfloat-abi=soft -mthumb -o "Core/Src/GPS.o"
arm-none-eabi-gcc "../Core/Src/main.c" -mcpu=cortex-m3 -std=gnu11 -g3 -DDEBUG -DUSE_HAL_DRIVER -DSTM32F103xB -c -I../Core/Inc -I../Drivers/STM32F1xx_HAL_Driver/Inc -I../Drivers/STM32F1xx_HAL_Driver/Inc/Legacy -I../Drivers/CMSIS/Device/ST/STM32F1xx/Include -I../Drivers/CMSIS/Include -O0 -ffunction-sections -fdata-sections -Wall -fstack-usage -MMD -MP -MF"Core/Src/main.d" -MT"Core/Src/main.o" --specs=nano.specs -mfloat-abi=soft -mthumb -o "Core/Src/main.o"
../Core/Src/GPS.c: In function 'GPS_Process':
../Core/Src/GPS.c:108:21: warning: assignment to 'char' from 'char *' makes integer from pointer without a cast [-Wint-conversion]
  108 |       GPS.GPGGA.N_S = strtok_f(NULL,',');
      |                     ^
../Core/Src/GPS.c:110:21: warning: assignment to 'char' from 'char *' makes integer from pointer without a cast [-Wint-conversion]
  110 |       GPS.GPGGA.E_W = strtok_f(NULL,',');
      |                     ^
arm-none-eabi-gcc -o "Avionic_Test_v1.0.elf" @"objects.list"   -mcpu=cortex-m3 -T"C:\Users\bakialmaci\Desktop\Projects\Arm-Cortex\Avionic_Test_v1.0\STM32F103C8TX_FLASH.ld" --specs=nosys.specs -Wl,-Map="Avionic_Test_v1.0.map" -Wl,--gc-sections -static --specs=nano.specs -mfloat-abi=soft -mthumb -u _scanf_float -Wl,--start-group -lc -lm -Wl,--end-group
Finished building target: Avionic_Test_v1.0.elf
 
arm-none-eabi-objdump -h -S  Avionic_Test_v1.0.elf  > "Avionic_Test_v1.0.list"
arm-none-eabi-objcopy  -O binary  Avionic_Test_v1.0.elf  "Avionic_Test_v1.0.bin"
arm-none-eabi-size   Avionic_Test_v1.0.elf 
   text	   data	    bss	    dec	    hex	filename
  51512	    492	   2300	  54304	   d420	Avionic_Test_v1.0.elf
Finished building: default.size.stdout
 
Finished building: Avionic_Test_v1.0.bin
 
Finished building: Avionic_Test_v1.0.list
 
22:55:13 **** Incremental Build of configuration Debug for project Avionic_Test_v1.0 ****
make -j8 all 
arm-none-eabi-size   Avionic_Test_v1.0.elf 
   text	   data	    bss	    dec	    hex	filename
  51512	    492	   2300	  54304	   d420	Avionic_Test_v1.0.elf
Finished building: default.size.stdout
 
22:56:53 **** Incremental Build of configuration Debug for project Avionic_Test_v1.0 ****
make -j8 all 
arm-none-eabi-gcc "../Core/Src/main.c" -mcpu=cortex-m3 -std=gnu11 -g3 -DDEBUG -DUSE_HAL_DRIVER -DSTM32F103xB -c -I../Core/Inc -I../Drivers/STM32F1xx_HAL_Driver/Inc -I../Drivers/STM32F1xx_HAL_Driver/Inc/Legacy -I../Drivers/CMSIS/Device/ST/STM32F1xx/Include -I../Drivers/CMSIS/Include -O0 -ffunction-sections -fdata-sections -Wall -fstack-usage -MMD -MP -MF"Core/Src/main.d" -MT"Core/Src/main.o" --specs=nano.specs -mfloat-abi=soft -mthumb -o "Core/Src/main.o"
arm-none-eabi-gcc -o "Avionic_Test_v1.0.elf" @"objects.list"   -mcpu=cortex-m3 -T"C:\Users\bakialmaci\Desktop\Projects\Arm-Cortex\Avionic_Test_v1.0\STM32F103C8TX_FLASH.ld" --specs=nosys.specs -Wl,-Map="Avionic_Test_v1.0.map" -Wl,--gc-sections -static --specs=nano.specs -mfloat-abi=soft -mthumb -u _scanf_float -Wl,--start-group -lc -lm -Wl,--end-group
Finished building target: Avionic_Test_v1.0.elf
 
arm-none-eabi-objdump -h -S  Avionic_Test_v1.0.elf  > "Avionic_Test_v1.0.list"
arm-none-eabi-objcopy  -O binary  Avionic_Test_v1.0.elf  "Avionic_Test_v1.0.bin"
arm-none-eabi-size   Avionic_Test_v1.0.elf 
   text	   data	    bss	    dec	    hex	filename
  51584	    492	   2300	  54376	   d468	Avionic_Test_v1.0.elf
Finished building: default.size.stdout
 
Finished building: Avionic_Test_v1.0.bin
 
Finished building: Avionic_Test_v1.0.list
 
22:56:54 **** Incremental Build of configuration Debug for project BMP180 ****
make -j8 all 
arm-none-eabi-size   BMP180.elf 
   text	   data	    bss	    dec	    hex	filename
  25600	    124	   1740	  27464	   6b48	BMP180.elf
Finished building: default.size.stdout
 
22:56:55 **** Incremental Build of configuration Debug for project Blink ****
make -j8 all 
arm-none-eabi-size   Blink.elf 
   text	   data	    bss	    dec	    hex	filename
   4712	     20	   1572	   6304	   18a0	Blink.elf
Finished building: default.size.stdout
 
22:56:55 **** Incremental Build of configuration Debug for project GPS_TEST ****
make -j8 all 
arm-none-eabi-size   GPS_TEST.elf 
   text	   data	    bss	    dec	    hex	filename
  30880	    488	   2064	  33432	   8298	GPS_TEST.elf
Finished building: default.size.stdout
 
22:56:56 **** Incremental Build of configuration Debug for project GY-NEO6MV2 ****
make -j8 all 
arm-none-eabi-size   GY-NEO6MV2.elf 
   text	   data	    bss	    dec	    hex	filename
   7192	     20	   1908	   9120	   23a0	GY-NEO6MV2.elf
Finished building: default.size.stdout
 
22:56:56 **** Incremental Build of configuration Debug for project MPU6050 ****
make -j8 all 
arm-none-eabi-size   MPU6050.elf 
   text	   data	    bss	    dec	    hex	filename
  27336	    124	   1860	  29320	   7288	MPU6050.elf
Finished building: default.size.stdout
 
